{"meta": {"format": 3, "version": "7.8.2", "timestamp": "2025-05-29T18:14:00.883650", "branch_coverage": false, "show_contexts": false}, "files": {"src/qdrant_loader/__init__.py": {"executed_lines": [1, 5, 6, 8, 13, 19, 20, 21, 23], "summary": {"covered_lines": 8, "num_statements": 10, "percent_covered": 80.0, "percent_covered_display": "80", "missing_lines": 2, "excluded_lines": 0}, "missing_lines": [9, 11], "excluded_lines": [], "functions": {"": {"executed_lines": [1, 5, 6, 8, 13, 19, 20, 21, 23], "summary": {"covered_lines": 8, "num_statements": 10, "percent_covered": 80.0, "percent_covered_display": "80", "missing_lines": 2, "excluded_lines": 0}, "missing_lines": [9, 11], "excluded_lines": []}}, "classes": {"": {"executed_lines": [1, 5, 6, 8, 13, 19, 20, 21, 23], "summary": {"covered_lines": 8, "num_statements": 10, "percent_covered": 80.0, "percent_covered_display": "80", "missing_lines": 2, "excluded_lines": 0}, "missing_lines": [9, 11], "excluded_lines": []}}}, "src/qdrant_loader/cli/__init__.py": {"executed_lines": [1, 5, 6, 7, 8, 10, 12], "summary": {"covered_lines": 6, "num_statements": 6, "percent_covered": 100.0, "percent_covered_display": "100", "missing_lines": 0, "excluded_lines": 0}, "missing_lines": [], "excluded_lines": [], "functions": {"": {"executed_lines": [1, 5, 6, 7, 8, 10, 12], "summary": {"covered_lines": 6, "num_statements": 6, "percent_covered": 100.0, "percent_covered_display": "100", "missing_lines": 0, "excluded_lines": 0}, "missing_lines": [], "excluded_lines": []}}, "classes": {"": {"executed_lines": [1, 5, 6, 7, 8, 10, 12], "summary": {"covered_lines": 6, "num_statements": 6, "percent_covered": 100.0, "percent_covered_display": "100", "missing_lines": 0, "excluded_lines": 0}, "missing_lines": [], "excluded_lines": []}}}, "src/qdrant_loader/cli/asyncio.py": {"executed_lines": [1, 7, 8, 14, 15, 16, 18, 20, 23, 32, 33, 34, 35, 36, 38, 39, 40, 42, 44, 45, 47, 48, 50], "summary": {"covered_lines": 22, "num_statements": 22, "percent_covered": 100.0, "percent_covered_display": "100", "missing_lines": 0, "excluded_lines": 0}, "missing_lines": [], "excluded_lines": [], "functions": {"async_command": {"executed_lines": [32, 33, 50], "summary": {"covered_lines": 3, "num_statements": 3, "percent_covered": 100.0, "percent_covered_display": "100", "missing_lines": 0, "excluded_lines": 0}, "missing_lines": [], "excluded_lines": []}, "async_command.wrapper": {"executed_lines": [34, 35, 36, 38, 39, 40, 42, 44, 45, 47, 48], "summary": {"covered_lines": 11, "num_statements": 11, "percent_covered": 100.0, "percent_covered_display": "100", "missing_lines": 0, "excluded_lines": 0}, "missing_lines": [], "excluded_lines": []}, "": {"executed_lines": [1, 7, 8, 14, 15, 16, 18, 20, 23], "summary": {"covered_lines": 8, "num_statements": 8, "percent_covered": 100.0, "percent_covered_display": "100", "missing_lines": 0, "excluded_lines": 0}, "missing_lines": [], "excluded_lines": []}}, "classes": {"": {"executed_lines": [1, 7, 8, 14, 15, 16, 18, 20, 23, 32, 33, 34, 35, 36, 38, 39, 40, 42, 44, 45, 47, 48, 50], "summary": {"covered_lines": 22, "num_statements": 22, "percent_covered": 100.0, "percent_covered_display": "100", "missing_lines": 0, "excluded_lines": 0}, "missing_lines": [], "excluded_lines": []}}}, "src/qdrant_loader/cli/cli.py": {"executed_lines": [1, 3, 4, 5, 6, 7, 9, 10, 11, 12, 13, 14, 15, 17, 18, 19, 20, 21, 22, 23, 26, 29, 31, 33, 34, 35, 36, 37, 38, 39, 40, 50, 51, 52, 55, 57, 59, 60, 63, 71, 73, 74, 77, 86, 87, 88, 89, 90, 91, 92, 93, 94, 97, 109, 111, 112, 113, 114, 115, 116, 119, 120, 121, 122, 125, 129, 130, 132, 135, 136, 137, 143, 144, 150, 151, 152, 153, 154, 157, 159, 160, 161, 162, 163, 166, 167, 175, 179, 181, 184, 186, 187, 188, 189, 190, 191, 192, 193, 196, 197, 200, 201, 202, 210, 211, 213, 214, 215, 216, 219, 220, 222, 223, 230, 231, 232, 234, 236, 237, 238, 244, 245, 246, 247, 248, 251, 252, 255, 256, 259, 260, 268, 273, 274, 283, 284, 285, 286, 288, 289, 290, 291, 297, 299, 300, 302, 307, 309, 310, 311, 313, 314, 315, 316, 318, 319, 320, 322, 323, 324, 326, 331, 334, 340, 346, 347, 355, 358, 359, 361, 362, 363, 364, 367, 368, 370, 371, 372, 375], "summary": {"covered_lines": 178, "num_statements": 204, "percent_covered": 87.25490196078431, "percent_covered_display": "87", "missing_lines": 26, "excluded_lines": 0}, "missing_lines": [43, 44, 45, 46, 47, 48, 49, 146, 224, 225, 239, 240, 241, 303, 304, 305, 332, 333, 335, 336, 337, 338, 341, 342, 343, 376], "excluded_lines": [], "functions": {"_get_version": {"executed_lines": [31, 33, 34, 35, 36, 37, 38, 39, 40, 50, 51, 52], "summary": {"covered_lines": 12, "num_statements": 19, "percent_covered": 63.1578947368421, "percent_covered_display": "63", "missing_lines": 7, "excluded_lines": 0}, "missing_lines": [43, 44, 45, 46, 47, 48, 49], "excluded_lines": []}, "_setup_logging": {"executed_lines": [57, 59, 60, 63, 71, 73, 74], "summary": {"covered_lines": 7, "num_statements": 7, "percent_covered": 100.0, "percent_covered_display": "100", "missing_lines": 0, "excluded_lines": 0}, "missing_lines": [], "excluded_lines": []}, "_create_database_directory": {"executed_lines": [86, 87, 88, 89, 90, 91, 92, 93, 94], "summary": {"covered_lines": 9, "num_statements": 9, "percent_covered": 100.0, "percent_covered_display": "100", "missing_lines": 0, "excluded_lines": 0}, "missing_lines": [], "excluded_lines": []}, "_load_config": {"executed_lines": [109, 111, 112, 113, 114, 115, 116, 119, 120, 121, 122, 125, 129, 130, 132, 135, 136, 137, 143, 144, 150, 151, 152, 153, 154], "summary": {"covered_lines": 25, "num_statements": 26, "percent_covered": 96.15384615384616, "percent_covered_display": "96", "missing_lines": 1, "excluded_lines": 0}, "missing_lines": [146], "excluded_lines": []}, "_check_settings": {"executed_lines": [159, 160, 161, 162, 163], "summary": {"covered_lines": 5, "num_statements": 5, "percent_covered": 100.0, "percent_covered_display": "100", "missing_lines": 0, "excluded_lines": 0}, "missing_lines": [], "excluded_lines": []}, "cli": {"executed_lines": [181], "summary": {"covered_lines": 1, "num_statements": 1, "percent_covered": 100.0, "percent_covered_display": "100", "missing_lines": 0, "excluded_lines": 0}, "missing_lines": [], "excluded_lines": []}, "_run_init": {"executed_lines": [186, 187, 188, 189, 190, 191, 192, 193], "summary": {"covered_lines": 8, "num_statements": 8, "percent_covered": 100.0, "percent_covered_display": "100", "missing_lines": 0, "excluded_lines": 0}, "missing_lines": [], "excluded_lines": []}, "init": {"executed_lines": [213, 214, 215, 216, 219, 220, 222, 223, 230, 231, 232, 234, 236, 237, 238], "summary": {"covered_lines": 15, "num_statements": 20, "percent_covered": 75.0, "percent_covered_display": "75", "missing_lines": 5, "excluded_lines": 0}, "missing_lines": [224, 225, 239, 240, 241], "excluded_lines": []}, "_cancel_all_tasks": {"executed_lines": [245, 246, 247, 248], "summary": {"covered_lines": 4, "num_statements": 4, "percent_covered": 100.0, "percent_covered_display": "100", "missing_lines": 0, "excluded_lines": 0}, "missing_lines": [], "excluded_lines": []}, "ingest": {"executed_lines": [283, 284, 285, 286, 288, 299, 300, 302, 307, 309, 310, 311, 313, 314, 315, 316, 318, 319, 320, 322, 323, 324, 326, 331, 334, 340], "summary": {"covered_lines": 26, "num_statements": 35, "percent_covered": 74.28571428571429, "percent_covered_display": "74", "missing_lines": 9, "excluded_lines": 0}, "missing_lines": [332, 333, 335, 336, 337, 338, 341, 342, 343], "excluded_lines": []}, "ingest.run_ingest": {"executed_lines": [289, 290, 291, 297], "summary": {"covered_lines": 4, "num_statements": 4, "percent_covered": 100.0, "percent_covered_display": "100", "missing_lines": 0, "excluded_lines": 0}, "missing_lines": [], "excluded_lines": []}, "ingest._handle_sigint": {"executed_lines": [], "summary": {"covered_lines": 0, "num_statements": 3, "percent_covered": 0.0, "percent_covered_display": "0", "missing_lines": 3, "excluded_lines": 0}, "missing_lines": [303, 304, 305], "excluded_lines": []}, "config": {"executed_lines": [361, 362, 363, 364, 367, 368, 370, 371, 372], "summary": {"covered_lines": 9, "num_statements": 9, "percent_covered": 100.0, "percent_covered_display": "100", "missing_lines": 0, "excluded_lines": 0}, "missing_lines": [], "excluded_lines": []}, "": {"executed_lines": [1, 3, 4, 5, 6, 7, 9, 10, 11, 12, 13, 14, 15, 17, 18, 19, 20, 21, 22, 23, 26, 29, 55, 77, 97, 157, 166, 167, 175, 179, 184, 196, 197, 200, 201, 202, 210, 211, 244, 251, 252, 255, 256, 259, 260, 268, 273, 274, 346, 347, 355, 358, 359, 375], "summary": {"covered_lines": 53, "num_statements": 54, "percent_covered": 98.14814814814815, "percent_covered_display": "98", "missing_lines": 1, "excluded_lines": 0}, "missing_lines": [376], "excluded_lines": []}}, "classes": {"": {"executed_lines": [1, 3, 4, 5, 6, 7, 9, 10, 11, 12, 13, 14, 15, 17, 18, 19, 20, 21, 22, 23, 26, 29, 31, 33, 34, 35, 36, 37, 38, 39, 40, 50, 51, 52, 55, 57, 59, 60, 63, 71, 73, 74, 77, 86, 87, 88, 89, 90, 91, 92, 93, 94, 97, 109, 111, 112, 113, 114, 115, 116, 119, 120, 121, 122, 125, 129, 130, 132, 135, 136, 137, 143, 144, 150, 151, 152, 153, 154, 157, 159, 160, 161, 162, 163, 166, 167, 175, 179, 181, 184, 186, 187, 188, 189, 190, 191, 192, 193, 196, 197, 200, 201, 202, 210, 211, 213, 214, 215, 216, 219, 220, 222, 223, 230, 231, 232, 234, 236, 237, 238, 244, 245, 246, 247, 248, 251, 252, 255, 256, 259, 260, 268, 273, 274, 283, 284, 285, 286, 288, 289, 290, 291, 297, 299, 300, 302, 307, 309, 310, 311, 313, 314, 315, 316, 318, 319, 320, 322, 323, 324, 326, 331, 334, 340, 346, 347, 355, 358, 359, 361, 362, 363, 364, 367, 368, 370, 371, 372, 375], "summary": {"covered_lines": 178, "num_statements": 204, "percent_covered": 87.25490196078431, "percent_covered_display": "87", "missing_lines": 26, "excluded_lines": 0}, "missing_lines": [43, 44, 45, 46, 47, 48, 49, 146, 224, 225, 239, 240, 241, 303, 304, 305, 332, 333, 335, 336, 337, 338, 341, 342, 343, 376], "excluded_lines": []}}}, "src/qdrant_loader/config.py": {"executed_lines": [], "summary": {"covered_lines": 0, "num_statements": 27, "percent_covered": 0.0, "percent_covered_display": "0", "missing_lines": 27, "excluded_lines": 0}, "missing_lines": [3, 6, 9, 13, 16, 19, 23, 28, 31, 35, 41, 45, 46, 47, 50, 53, 56, 57, 60, 61, 62, 63, 66, 67, 68, 69, 72], "excluded_lines": [], "functions": {"": {"executed_lines": [], "summary": {"covered_lines": 0, "num_statements": 27, "percent_covered": 0.0, "percent_covered_display": "0", "missing_lines": 27, "excluded_lines": 0}, "missing_lines": [3, 6, 9, 13, 16, 19, 23, 28, 31, 35, 41, 45, 46, 47, 50, 53, 56, 57, 60, 61, 62, 63, 66, 67, 68, 69, 72], "excluded_lines": []}}, "classes": {"SemanticAnalysisConfig": {"executed_lines": [], "summary": {"covered_lines": 0, "num_statements": 0, "percent_covered": 100.0, "percent_covered_display": "100", "missing_lines": 0, "excluded_lines": 0}, "missing_lines": [], "excluded_lines": []}, "ChunkingConfig": {"executed_lines": [], "summary": {"covered_lines": 0, "num_statements": 0, "percent_covered": 100.0, "percent_covered_display": "100", "missing_lines": 0, "excluded_lines": 0}, "missing_lines": [], "excluded_lines": []}, "GlobalConfig": {"executed_lines": [], "summary": {"covered_lines": 0, "num_statements": 0, "percent_covered": 100.0, "percent_covered_display": "100", "missing_lines": 0, "excluded_lines": 0}, "missing_lines": [], "excluded_lines": []}, "Settings": {"executed_lines": [], "summary": {"covered_lines": 0, "num_statements": 0, "percent_covered": 100.0, "percent_covered_display": "100", "missing_lines": 0, "excluded_lines": 0}, "missing_lines": [], "excluded_lines": []}, "": {"executed_lines": [], "summary": {"covered_lines": 0, "num_statements": 27, "percent_covered": 0.0, "percent_covered_display": "0", "missing_lines": 27, "excluded_lines": 0}, "missing_lines": [3, 6, 9, 13, 16, 19, 23, 28, 31, 35, 41, 45, 46, 47, 50, 53, 56, 57, 60, 61, 62, 63, 66, 67, 68, 69, 72], "excluded_lines": []}}}, "src/qdrant_loader/config/__init__.py": {"executed_lines": [1, 7, 8, 9, 10, 12, 13, 14, 20, 22, 23, 24, 25, 26, 27, 30, 31, 32, 35, 38, 40, 58, 61, 67, 69, 72, 81, 92, 94, 99, 102, 104, 105, 108, 111, 112, 115, 118, 121, 122, 124, 125, 126, 127, 129, 133, 134, 135, 136, 139, 142, 146, 150, 151, 152, 154, 156, 158, 159, 161, 164, 165, 168, 170, 171, 175, 179, 181, 201, 202, 212, 214, 215, 217, 221, 223, 242, 243, 245, 246, 248, 250, 252, 253, 255, 257, 259, 260, 262, 264, 266, 267, 276, 278, 282, 283, 284, 285, 286, 287, 288, 292, 294, 296, 297, 298, 299, 300, 301, 303, 304, 320, 321, 323, 324, 327, 329, 330, 332, 335, 336, 339, 340, 343, 345, 351, 353, 354, 356, 357, 359, 362, 364, 365, 366, 367, 368, 369, 370, 372, 391, 409, 412, 414, 416, 417, 418, 419, 420, 421, 426, 432], "summary": {"covered_lines": 150, "num_statements": 176, "percent_covered": 85.22727272727273, "percent_covered_display": "85", "missing_lines": 26, "excluded_lines": 0}, "missing_lines": [68, 78, 155, 182, 186, 191, 192, 196, 205, 206, 224, 228, 233, 234, 238, 249, 256, 263, 279, 289, 290, 293, 331, 422, 423, 424], "excluded_lines": [], "functions": {"get_settings": {"executed_lines": [67, 69], "summary": {"covered_lines": 2, "num_statements": 3, "percent_covered": 66.66666666666667, "percent_covered_display": "67", "missing_lines": 1, "excluded_lines": 0}, "missing_lines": [68], "excluded_lines": []}, "get_global_config": {"executed_lines": [], "summary": {"covered_lines": 0, "num_statements": 1, "percent_covered": 0.0, "percent_covered_display": "0", "missing_lines": 1, "excluded_lines": 0}, "missing_lines": [78], "excluded_lines": []}, "initialize_config": {"executed_lines": [92, 94, 99, 102, 104, 105, 108], "summary": {"covered_lines": 7, "num_statements": 7, "percent_covered": 100.0, "percent_covered_display": "100", "missing_lines": 0, "excluded_lines": 0}, "missing_lines": [], "excluded_lines": []}, "Settings.validate_required_strings": {"executed_lines": [154, 156], "summary": {"covered_lines": 2, "num_statements": 3, "percent_covered": 66.66666666666667, "percent_covered_display": "67", "missing_lines": 1, "excluded_lines": 0}, "missing_lines": [155], "excluded_lines": []}, "Settings.validate_source_configs": {"executed_lines": [161, 164, 165, 168, 170, 171, 175, 179, 181, 201, 202, 212, 214, 215, 217, 221, 223, 242, 243], "summary": {"covered_lines": 19, "num_statements": 31, "percent_covered": 61.29032258064516, "percent_covered_display": "61", "missing_lines": 12, "excluded_lines": 0}, "missing_lines": [182, 186, 191, 192, 196, 205, 206, 224, 228, 233, 234, 238], "excluded_lines": []}, "Settings.qdrant_url": {"executed_lines": [248, 250], "summary": {"covered_lines": 2, "num_statements": 3, "percent_covered": 66.66666666666667, "percent_covered_display": "67", "missing_lines": 1, "excluded_lines": 0}, "missing_lines": [249], "excluded_lines": []}, "Settings.qdrant_api_key": {"executed_lines": [255, 257], "summary": {"covered_lines": 2, "num_statements": 3, "percent_covered": 66.66666666666667, "percent_covered_display": "67", "missing_lines": 1, "excluded_lines": 0}, "missing_lines": [256], "excluded_lines": []}, "Settings.qdrant_collection_name": {"executed_lines": [262, 264], "summary": {"covered_lines": 2, "num_statements": 3, "percent_covered": 66.66666666666667, "percent_covered_display": "67", "missing_lines": 1, "excluded_lines": 0}, "missing_lines": [263], "excluded_lines": []}, "Settings._substitute_env_vars": {"executed_lines": [276, 278, 282, 283, 284, 285, 286, 287, 288, 292, 294, 296, 297, 298, 299, 300, 301], "summary": {"covered_lines": 17, "num_statements": 21, "percent_covered": 80.95238095238095, "percent_covered_display": "81", "missing_lines": 4, "excluded_lines": 0}, "missing_lines": [279, 289, 290, 293], "excluded_lines": []}, "Settings.from_yaml": {"executed_lines": [320, 321, 323, 324, 327, 329, 330, 332, 335, 336, 339, 340, 343, 345, 351, 353, 354, 356, 357, 359, 362, 364, 365, 366, 367, 368, 369, 370, 372, 391, 409, 412, 414, 416, 417, 418, 419, 420, 421], "summary": {"covered_lines": 39, "num_statements": 43, "percent_covered": 90.69767441860465, "percent_covered_display": "91", "missing_lines": 4, "excluded_lines": 0}, "missing_lines": [331, 422, 423, 424], "excluded_lines": []}, "Settings.to_dict": {"executed_lines": [432], "summary": {"covered_lines": 1, "num_statements": 1, "percent_covered": 100.0, "percent_covered_display": "100", "missing_lines": 0, "excluded_lines": 0}, "missing_lines": [], "excluded_lines": []}, "": {"executed_lines": [1, 7, 8, 9, 10, 12, 13, 14, 20, 22, 23, 24, 25, 26, 27, 30, 31, 32, 35, 38, 40, 58, 61, 72, 81, 111, 112, 115, 118, 121, 122, 124, 125, 126, 127, 129, 133, 134, 135, 136, 139, 142, 146, 150, 151, 152, 158, 159, 245, 246, 252, 253, 259, 260, 266, 267, 303, 304, 426], "summary": {"covered_lines": 57, "num_statements": 57, "percent_covered": 100.0, "percent_covered_display": "100", "missing_lines": 0, "excluded_lines": 0}, "missing_lines": [], "excluded_lines": []}}, "classes": {"Settings": {"executed_lines": [154, 156, 161, 164, 165, 168, 170, 171, 175, 179, 181, 201, 202, 212, 214, 215, 217, 221, 223, 242, 243, 248, 250, 255, 257, 262, 264, 276, 278, 282, 283, 284, 285, 286, 287, 288, 292, 294, 296, 297, 298, 299, 300, 301, 320, 321, 323, 324, 327, 329, 330, 332, 335, 336, 339, 340, 343, 345, 351, 353, 354, 356, 357, 359, 362, 364, 365, 366, 367, 368, 369, 370, 372, 391, 409, 412, 414, 416, 417, 418, 419, 420, 421, 432], "summary": {"covered_lines": 84, "num_statements": 108, "percent_covered": 77.77777777777777, "percent_covered_display": "78", "missing_lines": 24, "excluded_lines": 0}, "missing_lines": [155, 182, 186, 191, 192, 196, 205, 206, 224, 228, 233, 234, 238, 249, 256, 263, 279, 289, 290, 293, 331, 422, 423, 424], "excluded_lines": []}, "": {"executed_lines": [1, 7, 8, 9, 10, 12, 13, 14, 20, 22, 23, 24, 25, 26, 27, 30, 31, 32, 35, 38, 40, 58, 61, 67, 69, 72, 81, 92, 94, 99, 102, 104, 105, 108, 111, 112, 115, 118, 121, 122, 124, 125, 126, 127, 129, 133, 134, 135, 136, 139, 142, 146, 150, 151, 152, 158, 159, 245, 246, 252, 253, 259, 260, 266, 267, 303, 304, 426], "summary": {"covered_lines": 66, "num_statements": 68, "percent_covered": 97.05882352941177, "percent_covered_display": "97", "missing_lines": 2, "excluded_lines": 0}, "missing_lines": [68, 78], "excluded_lines": []}}}, "src/qdrant_loader/config/base.py": {"executed_lines": [1, 8, 10, 13, 14, 20, 29, 30, 36, 45, 46, 52, 54, 60, 63, 64, 70], "summary": {"covered_lines": 12, "num_statements": 14, "percent_covered": 85.71428571428571, "percent_covered_display": "86", "missing_lines": 2, "excluded_lines": 0}, "missing_lines": [26, 42], "excluded_lines": [], "functions": {"ConfigProtocol.to_dict": {"executed_lines": [], "summary": {"covered_lines": 0, "num_statements": 1, "percent_covered": 0.0, "percent_covered_display": "0", "missing_lines": 1, "excluded_lines": 0}, "missing_lines": [26], "excluded_lines": []}, "SourceConfigProtocol.validate": {"executed_lines": [], "summary": {"covered_lines": 0, "num_statements": 1, "percent_covered": 0.0, "percent_covered_display": "0", "missing_lines": 1, "excluded_lines": 0}, "missing_lines": [42], "excluded_lines": []}, "BaseConfig.to_dict": {"executed_lines": [60], "summary": {"covered_lines": 1, "num_statements": 1, "percent_covered": 100.0, "percent_covered_display": "100", "missing_lines": 0, "excluded_lines": 0}, "missing_lines": [], "excluded_lines": []}, "BaseSourceConfig.validate": {"executed_lines": [], "summary": {"covered_lines": 0, "num_statements": 0, "percent_covered": 100.0, "percent_covered_display": "100", "missing_lines": 0, "excluded_lines": 0}, "missing_lines": [], "excluded_lines": []}, "": {"executed_lines": [1, 8, 10, 13, 14, 20, 29, 30, 36, 45, 46, 52, 54, 63, 64, 70], "summary": {"covered_lines": 11, "num_statements": 11, "percent_covered": 100.0, "percent_covered_display": "100", "missing_lines": 0, "excluded_lines": 0}, "missing_lines": [], "excluded_lines": []}}, "classes": {"ConfigProtocol": {"executed_lines": [], "summary": {"covered_lines": 0, "num_statements": 1, "percent_covered": 0.0, "percent_covered_display": "0", "missing_lines": 1, "excluded_lines": 0}, "missing_lines": [26], "excluded_lines": []}, "SourceConfigProtocol": {"executed_lines": [], "summary": {"covered_lines": 0, "num_statements": 1, "percent_covered": 0.0, "percent_covered_display": "0", "missing_lines": 1, "excluded_lines": 0}, "missing_lines": [42], "excluded_lines": []}, "BaseConfig": {"executed_lines": [60], "summary": {"covered_lines": 1, "num_statements": 1, "percent_covered": 100.0, "percent_covered_display": "100", "missing_lines": 0, "excluded_lines": 0}, "missing_lines": [], "excluded_lines": []}, "BaseSourceConfig": {"executed_lines": [], "summary": {"covered_lines": 0, "num_statements": 0, "percent_covered": 100.0, "percent_covered_display": "100", "missing_lines": 0, "excluded_lines": 0}, "missing_lines": [], "excluded_lines": []}, "": {"executed_lines": [1, 8, 10, 13, 14, 20, 29, 30, 36, 45, 46, 52, 54, 63, 64, 70], "summary": {"covered_lines": 11, "num_statements": 11, "percent_covered": 100.0, "percent_covered_display": "100", "missing_lines": 0, "excluded_lines": 0}, "missing_lines": [], "excluded_lines": []}}}, "src/qdrant_loader/config/chunking.py": {"executed_lines": [1, 3, 6, 7, 9, 15, 22, 23, 25, 26, 28], "summary": {"covered_lines": 9, "num_statements": 10, "percent_covered": 90.0, "percent_covered_display": "90", "missing_lines": 1, "excluded_lines": 0}, "missing_lines": [27], "excluded_lines": [], "functions": {"ChunkingConfig.validate_chunk_overlap": {"executed_lines": [25, 26, 28], "summary": {"covered_lines": 3, "num_statements": 4, "percent_covered": 75.0, "percent_covered_display": "75", "missing_lines": 1, "excluded_lines": 0}, "missing_lines": [27], "excluded_lines": []}, "": {"executed_lines": [1, 3, 6, 7, 9, 15, 22, 23], "summary": {"covered_lines": 6, "num_statements": 6, "percent_covered": 100.0, "percent_covered_display": "100", "missing_lines": 0, "excluded_lines": 0}, "missing_lines": [], "excluded_lines": []}}, "classes": {"ChunkingConfig": {"executed_lines": [25, 26, 28], "summary": {"covered_lines": 3, "num_statements": 4, "percent_covered": 75.0, "percent_covered_display": "75", "missing_lines": 1, "excluded_lines": 0}, "missing_lines": [27], "excluded_lines": []}, "": {"executed_lines": [1, 3, 6, 7, 9, 15, 22, 23], "summary": {"covered_lines": 6, "num_statements": 6, "percent_covered": 100.0, "percent_covered_display": "100", "missing_lines": 0, "excluded_lines": 0}, "missing_lines": [], "excluded_lines": []}}}, "src/qdrant_loader/config/embedding.py": {"executed_lines": [1, 3, 5, 8, 9, 11, 14, 17, 21, 25], "summary": {"covered_lines": 8, "num_statements": 8, "percent_covered": 100.0, "percent_covered_display": "100", "missing_lines": 0, "excluded_lines": 0}, "missing_lines": [], "excluded_lines": [], "functions": {"": {"executed_lines": [1, 3, 5, 8, 9, 11, 14, 17, 21, 25], "summary": {"covered_lines": 8, "num_statements": 8, "percent_covered": 100.0, "percent_covered_display": "100", "missing_lines": 0, "excluded_lines": 0}, "missing_lines": [], "excluded_lines": []}}, "classes": {"EmbeddingConfig": {"executed_lines": [], "summary": {"covered_lines": 0, "num_statements": 0, "percent_covered": 100.0, "percent_covered_display": "100", "missing_lines": 0, "excluded_lines": 0}, "missing_lines": [], "excluded_lines": []}, "": {"executed_lines": [1, 3, 5, 8, 9, 11, 14, 17, 21, 25], "summary": {"covered_lines": 8, "num_statements": 8, "percent_covered": 100.0, "percent_covered_display": "100", "missing_lines": 0, "excluded_lines": 0}, "missing_lines": [], "excluded_lines": []}}}, "src/qdrant_loader/config/global_config.py": {"executed_lines": [1, 7, 9, 11, 12, 13, 14, 15, 16, 17, 18, 21, 22, 24, 28, 31, 32, 34, 35, 36, 40, 44, 45, 49, 53, 56, 57, 58, 63, 65, 67], "summary": {"covered_lines": 28, "num_statements": 28, "percent_covered": 100.0, "percent_covered_display": "100", "missing_lines": 0, "excluded_lines": 0}, "missing_lines": [], "excluded_lines": [], "functions": {"GlobalConfig.__init__": {"executed_lines": [56, 57, 58, 63], "summary": {"covered_lines": 4, "num_statements": 4, "percent_covered": 100.0, "percent_covered_display": "100", "missing_lines": 0, "excluded_lines": 0}, "missing_lines": [], "excluded_lines": []}, "GlobalConfig.to_dict": {"executed_lines": [67], "summary": {"covered_lines": 1, "num_statements": 1, "percent_covered": 100.0, "percent_covered_display": "100", "missing_lines": 0, "excluded_lines": 0}, "missing_lines": [], "excluded_lines": []}, "": {"executed_lines": [1, 7, 9, 11, 12, 13, 14, 15, 16, 17, 18, 21, 22, 24, 28, 31, 32, 34, 35, 36, 40, 44, 45, 49, 53, 65], "summary": {"covered_lines": 23, "num_statements": 23, "percent_covered": 100.0, "percent_covered_display": "100", "missing_lines": 0, "excluded_lines": 0}, "missing_lines": [], "excluded_lines": []}}, "classes": {"SemanticAnalysisConfig": {"executed_lines": [], "summary": {"covered_lines": 0, "num_statements": 0, "percent_covered": 100.0, "percent_covered_display": "100", "missing_lines": 0, "excluded_lines": 0}, "missing_lines": [], "excluded_lines": []}, "GlobalConfig": {"executed_lines": [56, 57, 58, 63, 67], "summary": {"covered_lines": 5, "num_statements": 5, "percent_covered": 100.0, "percent_covered_display": "100", "missing_lines": 0, "excluded_lines": 0}, "missing_lines": [], "excluded_lines": []}, "": {"executed_lines": [1, 7, 9, 11, 12, 13, 14, 15, 16, 17, 18, 21, 22, 24, 28, 31, 32, 34, 35, 36, 40, 44, 45, 49, 53, 65], "summary": {"covered_lines": 23, "num_statements": 23, "percent_covered": 100.0, "percent_covered_display": "100", "missing_lines": 0, "excluded_lines": 0}, "missing_lines": [], "excluded_lines": []}}}, "src/qdrant_loader/config/qdrant.py": {"executed_lines": [1, 6, 8, 11, 12, 14, 15, 16, 18, 20], "summary": {"covered_lines": 8, "num_statements": 8, "percent_covered": 100.0, "percent_covered_display": "100", "missing_lines": 0, "excluded_lines": 0}, "missing_lines": [], "excluded_lines": [], "functions": {"QdrantConfig.to_dict": {"executed_lines": [20], "summary": {"covered_lines": 1, "num_statements": 1, "percent_covered": 100.0, "percent_covered_display": "100", "missing_lines": 0, "excluded_lines": 0}, "missing_lines": [], "excluded_lines": []}, "": {"executed_lines": [1, 6, 8, 11, 12, 14, 15, 16, 18], "summary": {"covered_lines": 7, "num_statements": 7, "percent_covered": 100.0, "percent_covered_display": "100", "missing_lines": 0, "excluded_lines": 0}, "missing_lines": [], "excluded_lines": []}}, "classes": {"QdrantConfig": {"executed_lines": [20], "summary": {"covered_lines": 1, "num_statements": 1, "percent_covered": 100.0, "percent_covered_display": "100", "missing_lines": 0, "excluded_lines": 0}, "missing_lines": [], "excluded_lines": []}, "": {"executed_lines": [1, 6, 8, 11, 12, 14, 15, 16, 18], "summary": {"covered_lines": 7, "num_statements": 7, "percent_covered": 100.0, "percent_covered_display": "100", "missing_lines": 0, "excluded_lines": 0}, "missing_lines": [], "excluded_lines": []}}}, "src/qdrant_loader/config/source_config.py": {"executed_lines": [1, 3, 6, 7, 9, 10, 11, 14, 17, 21], "summary": {"covered_lines": 8, "num_statements": 8, "percent_covered": 100.0, "percent_covered_display": "100", "missing_lines": 0, "excluded_lines": 0}, "missing_lines": [], "excluded_lines": [], "functions": {"": {"executed_lines": [1, 3, 6, 7, 9, 10, 11, 14, 17, 21], "summary": {"covered_lines": 8, "num_statements": 8, "percent_covered": 100.0, "percent_covered_display": "100", "missing_lines": 0, "excluded_lines": 0}, "missing_lines": [], "excluded_lines": []}}, "classes": {"SourceConfig": {"executed_lines": [], "summary": {"covered_lines": 0, "num_statements": 0, "percent_covered": 100.0, "percent_covered_display": "100", "missing_lines": 0, "excluded_lines": 0}, "missing_lines": [], "excluded_lines": []}, "": {"executed_lines": [1, 3, 6, 7, 9, 10, 11, 14, 17, 21], "summary": {"covered_lines": 8, "num_statements": 8, "percent_covered": 100.0, "percent_covered_display": "100", "missing_lines": 0, "excluded_lines": 0}, "missing_lines": [], "excluded_lines": []}}}, "src/qdrant_loader/config/sources.py": {"executed_lines": [1, 7, 9, 10, 11, 12, 13, 14, 15, 18, 19, 21, 24, 27, 30, 33, 37, 39, 52, 54], "summary": {"covered_lines": 18, "num_statements": 20, "percent_covered": 90.0, "percent_covered_display": "90", "missing_lines": 2, "excluded_lines": 0}, "missing_lines": [49, 50], "excluded_lines": [], "functions": {"SourcesConfig.get_source_config": {"executed_lines": [], "summary": {"covered_lines": 0, "num_statements": 2, "percent_covered": 0.0, "percent_covered_display": "0", "missing_lines": 2, "excluded_lines": 0}, "missing_lines": [49, 50], "excluded_lines": []}, "SourcesConfig.to_dict": {"executed_lines": [54], "summary": {"covered_lines": 1, "num_statements": 1, "percent_covered": 100.0, "percent_covered_display": "100", "missing_lines": 0, "excluded_lines": 0}, "missing_lines": [], "excluded_lines": []}, "": {"executed_lines": [1, 7, 9, 10, 11, 12, 13, 14, 15, 18, 19, 21, 24, 27, 30, 33, 37, 39, 52], "summary": {"covered_lines": 17, "num_statements": 17, "percent_covered": 100.0, "percent_covered_display": "100", "missing_lines": 0, "excluded_lines": 0}, "missing_lines": [], "excluded_lines": []}}, "classes": {"SourcesConfig": {"executed_lines": [54], "summary": {"covered_lines": 1, "num_statements": 3, "percent_covered": 33.333333333333336, "percent_covered_display": "33", "missing_lines": 2, "excluded_lines": 0}, "missing_lines": [49, 50], "excluded_lines": []}, "": {"executed_lines": [1, 7, 9, 10, 11, 12, 13, 14, 15, 18, 19, 21, 24, 27, 30, 33, 37, 39, 52], "summary": {"covered_lines": 17, "num_statements": 17, "percent_covered": 100.0, "percent_covered_display": "100", "missing_lines": 0, "excluded_lines": 0}, "missing_lines": [], "excluded_lines": []}}}, "src/qdrant_loader/config/state.py": {"executed_lines": [1, 7, 8, 9, 11, 13, 16, 17, 19, 20, 21, 24, 25, 27, 28, 29, 30, 31, 34, 35, 37, 38, 41, 46, 47, 48, 51, 52, 54, 57, 60, 63, 65, 66, 67, 69, 71, 75, 77, 78, 79, 83, 85, 88, 90, 93, 95, 98, 100], "summary": {"covered_lines": 45, "num_statements": 55, "percent_covered": 81.81818181818181, "percent_covered_display": "82", "missing_lines": 10, "excluded_lines": 0}, "missing_lines": [55, 58, 61, 70, 72, 84, 86, 89, 91, 99], "excluded_lines": [], "functions": {"DatabaseDirectoryError.__init__": {"executed_lines": [20, 21], "summary": {"covered_lines": 2, "num_statements": 2, "percent_covered": 100.0, "percent_covered_display": "100", "missing_lines": 0, "excluded_lines": 0}, "missing_lines": [], "excluded_lines": []}, "StateManagementConfig.validate_database_path": {"executed_lines": [51, 52, 54, 57, 60, 63], "summary": {"covered_lines": 6, "num_statements": 9, "percent_covered": 66.66666666666667, "percent_covered_display": "67", "missing_lines": 3, "excluded_lines": 0}, "missing_lines": [55, 58, 61], "excluded_lines": []}, "StateManagementConfig.validate_table_prefix": {"executed_lines": [69, 71, 75], "summary": {"covered_lines": 3, "num_statements": 5, "percent_covered": 60.0, "percent_covered_display": "60", "missing_lines": 2, "excluded_lines": 0}, "missing_lines": [70, 72], "excluded_lines": []}, "StateManagementConfig.validate_connection_pool": {"executed_lines": [83, 85, 88, 90, 93], "summary": {"covered_lines": 5, "num_statements": 9, "percent_covered": 55.55555555555556, "percent_covered_display": "56", "missing_lines": 4, "excluded_lines": 0}, "missing_lines": [84, 86, 89, 91], "excluded_lines": []}, "StateManagementConfig.__init__": {"executed_lines": [98, 100], "summary": {"covered_lines": 2, "num_statements": 3, "percent_covered": 66.66666666666667, "percent_covered_display": "67", "missing_lines": 1, "excluded_lines": 0}, "missing_lines": [99], "excluded_lines": []}, "": {"executed_lines": [1, 7, 8, 9, 11, 13, 16, 17, 19, 24, 25, 27, 28, 29, 30, 31, 34, 35, 37, 38, 41, 46, 47, 48, 65, 66, 67, 77, 78, 79, 95], "summary": {"covered_lines": 27, "num_statements": 27, "percent_covered": 100.0, "percent_covered_display": "100", "missing_lines": 0, "excluded_lines": 0}, "missing_lines": [], "excluded_lines": []}}, "classes": {"DatabaseDirectoryError": {"executed_lines": [20, 21], "summary": {"covered_lines": 2, "num_statements": 2, "percent_covered": 100.0, "percent_covered_display": "100", "missing_lines": 0, "excluded_lines": 0}, "missing_lines": [], "excluded_lines": []}, "IngestionStatus": {"executed_lines": [], "summary": {"covered_lines": 0, "num_statements": 0, "percent_covered": 100.0, "percent_covered_display": "100", "missing_lines": 0, "excluded_lines": 0}, "missing_lines": [], "excluded_lines": []}, "StateManagementConfig": {"executed_lines": [51, 52, 54, 57, 60, 63, 69, 71, 75, 83, 85, 88, 90, 93, 98, 100], "summary": {"covered_lines": 16, "num_statements": 26, "percent_covered": 61.53846153846154, "percent_covered_display": "62", "missing_lines": 10, "excluded_lines": 0}, "missing_lines": [55, 58, 61, 70, 72, 84, 86, 89, 91, 99], "excluded_lines": []}, "": {"executed_lines": [1, 7, 8, 9, 11, 13, 16, 17, 19, 24, 25, 27, 28, 29, 30, 31, 34, 35, 37, 38, 41, 46, 47, 48, 65, 66, 67, 77, 78, 79, 95], "summary": {"covered_lines": 27, "num_statements": 27, "percent_covered": 100.0, "percent_covered_display": "100", "missing_lines": 0, "excluded_lines": 0}, "missing_lines": [], "excluded_lines": []}}}, "src/qdrant_loader/config/types.py": {"executed_lines": [1, 8, 9, 12, 13, 15, 16, 17, 18, 19, 22, 23, 25, 26, 27, 28, 29, 30, 31, 32, 35, 36, 38, 39, 40, 41, 42, 45, 46, 48, 49, 50, 51, 52, 53, 54, 55, 56, 57, 60, 61, 63, 64, 65, 66, 67, 70, 71, 73, 74, 75, 76, 79, 80, 82, 83, 86, 87, 89, 90, 91, 94, 95, 97, 98, 99, 102, 103, 105, 106, 107, 110, 111, 113, 114, 115, 116, 117, 118, 119], "summary": {"covered_lines": 68, "num_statements": 68, "percent_covered": 100.0, "percent_covered_display": "100", "missing_lines": 0, "excluded_lines": 0}, "missing_lines": [], "excluded_lines": [], "functions": {"": {"executed_lines": [1, 8, 9, 12, 13, 15, 16, 17, 18, 19, 22, 23, 25, 26, 27, 28, 29, 30, 31, 32, 35, 36, 38, 39, 40, 41, 42, 45, 46, 48, 49, 50, 51, 52, 53, 54, 55, 56, 57, 60, 61, 63, 64, 65, 66, 67, 70, 71, 73, 74, 75, 76, 79, 80, 82, 83, 86, 87, 89, 90, 91, 94, 95, 97, 98, 99, 102, 103, 105, 106, 107, 110, 111, 113, 114, 115, 116, 117, 118, 119], "summary": {"covered_lines": 68, "num_statements": 68, "percent_covered": 100.0, "percent_covered_display": "100", "missing_lines": 0, "excluded_lines": 0}, "missing_lines": [], "excluded_lines": []}}, "classes": {"SourceType": {"executed_lines": [], "summary": {"covered_lines": 0, "num_statements": 0, "percent_covered": 100.0, "percent_covered_display": "100", "missing_lines": 0, "excluded_lines": 0}, "missing_lines": [], "excluded_lines": []}, "GitConfig": {"executed_lines": [], "summary": {"covered_lines": 0, "num_statements": 0, "percent_covered": 100.0, "percent_covered_display": "100", "missing_lines": 0, "excluded_lines": 0}, "missing_lines": [], "excluded_lines": []}, "ConfluenceConfig": {"executed_lines": [], "summary": {"covered_lines": 0, "num_statements": 0, "percent_covered": 100.0, "percent_covered_display": "100", "missing_lines": 0, "excluded_lines": 0}, "missing_lines": [], "excluded_lines": []}, "JiraConfig": {"executed_lines": [], "summary": {"covered_lines": 0, "num_statements": 0, "percent_covered": 100.0, "percent_covered_display": "100", "missing_lines": 0, "excluded_lines": 0}, "missing_lines": [], "excluded_lines": []}, "PublicDocsConfig": {"executed_lines": [], "summary": {"covered_lines": 0, "num_statements": 0, "percent_covered": 100.0, "percent_covered_display": "100", "missing_lines": 0, "excluded_lines": 0}, "missing_lines": [], "excluded_lines": []}, "SourcesConfigDict": {"executed_lines": [], "summary": {"covered_lines": 0, "num_statements": 0, "percent_covered": 100.0, "percent_covered_display": "100", "missing_lines": 0, "excluded_lines": 0}, "missing_lines": [], "excluded_lines": []}, "SemanticAnalysisConfigDict": {"executed_lines": [], "summary": {"covered_lines": 0, "num_statements": 0, "percent_covered": 100.0, "percent_covered_display": "100", "missing_lines": 0, "excluded_lines": 0}, "missing_lines": [], "excluded_lines": []}, "MarkItDownConfigDict": {"executed_lines": [], "summary": {"covered_lines": 0, "num_statements": 0, "percent_covered": 100.0, "percent_covered_display": "100", "missing_lines": 0, "excluded_lines": 0}, "missing_lines": [], "excluded_lines": []}, "FileConversionConfigDict": {"executed_lines": [], "summary": {"covered_lines": 0, "num_statements": 0, "percent_covered": 100.0, "percent_covered_display": "100", "missing_lines": 0, "excluded_lines": 0}, "missing_lines": [], "excluded_lines": []}, "QdrantConfigDict": {"executed_lines": [], "summary": {"covered_lines": 0, "num_statements": 0, "percent_covered": 100.0, "percent_covered_display": "100", "missing_lines": 0, "excluded_lines": 0}, "missing_lines": [], "excluded_lines": []}, "GlobalConfigDict": {"executed_lines": [], "summary": {"covered_lines": 0, "num_statements": 0, "percent_covered": 100.0, "percent_covered_display": "100", "missing_lines": 0, "excluded_lines": 0}, "missing_lines": [], "excluded_lines": []}, "": {"executed_lines": [1, 8, 9, 12, 13, 15, 16, 17, 18, 19, 22, 23, 25, 26, 27, 28, 29, 30, 31, 32, 35, 36, 38, 39, 40, 41, 42, 45, 46, 48, 49, 50, 51, 52, 53, 54, 55, 56, 57, 60, 61, 63, 64, 65, 66, 67, 70, 71, 73, 74, 75, 76, 79, 80, 82, 83, 86, 87, 89, 90, 91, 94, 95, 97, 98, 99, 102, 103, 105, 106, 107, 110, 111, 113, 114, 115, 116, 117, 118, 119], "summary": {"covered_lines": 68, "num_statements": 68, "percent_covered": 100.0, "percent_covered_display": "100", "missing_lines": 0, "excluded_lines": 0}, "missing_lines": [], "excluded_lines": []}}}, "src/qdrant_loader/connectors/__init__.py": {"executed_lines": [1], "summary": {"covered_lines": 0, "num_statements": 0, "percent_covered": 100.0, "percent_covered_display": "100", "missing_lines": 0, "excluded_lines": 0}, "missing_lines": [], "excluded_lines": [], "functions": {"": {"executed_lines": [1], "summary": {"covered_lines": 0, "num_statements": 0, "percent_covered": 100.0, "percent_covered_display": "100", "missing_lines": 0, "excluded_lines": 0}, "missing_lines": [], "excluded_lines": []}}, "classes": {"": {"executed_lines": [1], "summary": {"covered_lines": 0, "num_statements": 0, "percent_covered": 100.0, "percent_covered_display": "100", "missing_lines": 0, "excluded_lines": 0}, "missing_lines": [], "excluded_lines": []}}}, "src/qdrant_loader/connectors/base.py": {"executed_lines": [1, 3, 4, 7, 8, 10, 11, 12, 14, 16, 17, 19, 21, 23, 24], "summary": {"covered_lines": 14, "num_statements": 14, "percent_covered": 100.0, "percent_covered_display": "100", "missing_lines": 0, "excluded_lines": 0}, "missing_lines": [], "excluded_lines": [], "functions": {"BaseConnector.__init__": {"executed_lines": [11, 12], "summary": {"covered_lines": 2, "num_statements": 2, "percent_covered": 100.0, "percent_covered_display": "100", "missing_lines": 0, "excluded_lines": 0}, "missing_lines": [], "excluded_lines": []}, "BaseConnector.__aenter__": {"executed_lines": [16, 17], "summary": {"covered_lines": 2, "num_statements": 2, "percent_covered": 100.0, "percent_covered_display": "100", "missing_lines": 0, "excluded_lines": 0}, "missing_lines": [], "excluded_lines": []}, "BaseConnector.__aexit__": {"executed_lines": [21], "summary": {"covered_lines": 1, "num_statements": 1, "percent_covered": 100.0, "percent_covered_display": "100", "missing_lines": 0, "excluded_lines": 0}, "missing_lines": [], "excluded_lines": []}, "BaseConnector.get_documents": {"executed_lines": [], "summary": {"covered_lines": 0, "num_statements": 0, "percent_covered": 100.0, "percent_covered_display": "100", "missing_lines": 0, "excluded_lines": 0}, "missing_lines": [], "excluded_lines": []}, "": {"executed_lines": [1, 3, 4, 7, 8, 10, 14, 19, 23, 24], "summary": {"covered_lines": 9, "num_statements": 9, "percent_covered": 100.0, "percent_covered_display": "100", "missing_lines": 0, "excluded_lines": 0}, "missing_lines": [], "excluded_lines": []}}, "classes": {"BaseConnector": {"executed_lines": [11, 12, 16, 17, 21], "summary": {"covered_lines": 5, "num_statements": 5, "percent_covered": 100.0, "percent_covered_display": "100", "missing_lines": 0, "excluded_lines": 0}, "missing_lines": [], "excluded_lines": []}, "": {"executed_lines": [1, 3, 4, 7, 8, 10, 14, 19, 23, 24], "summary": {"covered_lines": 9, "num_statements": 9, "percent_covered": 100.0, "percent_covered_display": "100", "missing_lines": 0, "excluded_lines": 0}, "missing_lines": [], "excluded_lines": []}}}, "src/qdrant_loader/connectors/confluence/__init__.py": {"executed_lines": [1, 3, 4, 6], "summary": {"covered_lines": 3, "num_statements": 3, "percent_covered": 100.0, "percent_covered_display": "100", "missing_lines": 0, "excluded_lines": 0}, "missing_lines": [], "excluded_lines": [], "functions": {"": {"executed_lines": [1, 3, 4, 6], "summary": {"covered_lines": 3, "num_statements": 3, "percent_covered": 100.0, "percent_covered_display": "100", "missing_lines": 0, "excluded_lines": 0}, "missing_lines": [], "excluded_lines": []}}, "classes": {"": {"executed_lines": [1, 3, 4, 6], "summary": {"covered_lines": 3, "num_statements": 3, "percent_covered": 100.0, "percent_covered_display": "100", "missing_lines": 0, "excluded_lines": 0}, "missing_lines": [], "excluded_lines": []}}}, "src/qdrant_loader/connectors/confluence/config.py": {"executed_lines": [1, 3, 4, 5, 7, 9, 12, 13, 15, 16, 17, 20, 21, 23, 25, 26, 29, 33, 36, 41, 45, 49, 50, 51, 53, 54, 55, 57, 59, 60, 61, 65, 66, 69, 70, 71, 73, 75, 76, 77, 79, 81, 82, 84, 86, 87, 88, 99], "summary": {"covered_lines": 45, "num_statements": 50, "percent_covered": 90.0, "percent_covered_display": "90", "missing_lines": 5, "excluded_lines": 0}, "missing_lines": [56, 67, 89, 94, 95], "excluded_lines": [], "functions": {"ConfluenceSpaceConfig.validate_content_types": {"executed_lines": [53, 54, 55, 57], "summary": {"covered_lines": 4, "num_statements": 5, "percent_covered": 80.0, "percent_covered_display": "80", "missing_lines": 1, "excluded_lines": 0}, "missing_lines": [56], "excluded_lines": []}, "ConfluenceSpaceConfig.auto_detect_deployment_type": {"executed_lines": [65, 66], "summary": {"covered_lines": 2, "num_statements": 3, "percent_covered": 66.66666666666667, "percent_covered_display": "67", "missing_lines": 1, "excluded_lines": 0}, "missing_lines": [67], "excluded_lines": []}, "ConfluenceSpaceConfig.load_token_from_env": {"executed_lines": [73], "summary": {"covered_lines": 1, "num_statements": 1, "percent_covered": 100.0, "percent_covered_display": "100", "missing_lines": 0, "excluded_lines": 0}, "missing_lines": [], "excluded_lines": []}, "ConfluenceSpaceConfig.load_email_from_env": {"executed_lines": [79], "summary": {"covered_lines": 1, "num_statements": 1, "percent_covered": 100.0, "percent_covered_display": "100", "missing_lines": 0, "excluded_lines": 0}, "missing_lines": [], "excluded_lines": []}, "ConfluenceSpaceConfig.validate_auth_config": {"executed_lines": [84, 86, 87, 88, 99], "summary": {"covered_lines": 5, "num_statements": 8, "percent_covered": 62.5, "percent_covered_display": "62", "missing_lines": 3, "excluded_lines": 0}, "missing_lines": [89, 94, 95], "excluded_lines": []}, "": {"executed_lines": [1, 3, 4, 5, 7, 9, 12, 13, 15, 16, 17, 20, 21, 23, 25, 26, 29, 33, 36, 41, 45, 49, 50, 51, 59, 60, 61, 69, 70, 71, 75, 76, 77, 81, 82], "summary": {"covered_lines": 32, "num_statements": 32, "percent_covered": 100.0, "percent_covered_display": "100", "missing_lines": 0, "excluded_lines": 0}, "missing_lines": [], "excluded_lines": []}}, "classes": {"ConfluenceDeploymentType": {"executed_lines": [], "summary": {"covered_lines": 0, "num_statements": 0, "percent_covered": 100.0, "percent_covered_display": "100", "missing_lines": 0, "excluded_lines": 0}, "missing_lines": [], "excluded_lines": []}, "ConfluenceSpaceConfig": {"executed_lines": [53, 54, 55, 57, 65, 66, 73, 79, 84, 86, 87, 88, 99], "summary": {"covered_lines": 13, "num_statements": 18, "percent_covered": 72.22222222222223, "percent_covered_display": "72", "missing_lines": 5, "excluded_lines": 0}, "missing_lines": [56, 67, 89, 94, 95], "excluded_lines": []}, "": {"executed_lines": [1, 3, 4, 5, 7, 9, 12, 13, 15, 16, 17, 20, 21, 23, 25, 26, 29, 33, 36, 41, 45, 49, 50, 51, 59, 60, 61, 69, 70, 71, 75, 76, 77, 81, 82], "summary": {"covered_lines": 32, "num_statements": 32, "percent_covered": 100.0, "percent_covered_display": "100", "missing_lines": 0, "excluded_lines": 0}, "missing_lines": [], "excluded_lines": []}}}, "src/qdrant_loader/connectors/confluence/connector.py": {"executed_lines": [1, 2, 3, 5, 6, 7, 9, 10, 11, 15, 19, 20, 26, 27, 29, 32, 33, 35, 41, 42, 43, 46, 49, 50, 53, 54, 55, 57, 62, 64, 87, 89, 91, 93, 96, 97, 118, 143, 149, 153, 162, 164, 178, 179, 182, 183, 185, 188, 189, 190, 191, 193, 201, 203, 212, 219, 225, 228, 233, 234, 235, 240, 241, 243, 283, 292, 294, 299, 475, 485, 493, 504, 507, 515, 518, 519, 522, 523, 529, 531, 533, 548, 550, 551, 552, 555, 571, 573, 584, 585, 587, 589, 592, 606, 607, 612, 613, 614, 617, 626, 627, 630, 631, 632, 640, 641, 642, 650, 651, 652, 675, 694, 697, 702, 703, 706, 719, 732, 745, 747, 750, 753, 756, 758, 767, 770, 771, 772, 776, 783, 789, 795, 800, 806, 816, 818, 819, 821, 822, 824, 830, 831, 832, 834, 836, 838, 839, 840, 841, 844, 845, 847, 848, 849, 851, 852, 857, 858, 859, 860, 863, 864, 867, 894, 905, 906, 907, 908, 911, 912, 914, 915, 916, 917, 918, 921, 922, 927, 928, 931, 934, 935, 937, 938, 939, 940, 943, 944, 946, 950, 951, 956, 957, 958, 959, 962, 963, 966, 993, 1004, 1005, 1006, 1009, 1012, 1013, 1021, 1024], "summary": {"covered_lines": 206, "num_statements": 383, "percent_covered": 53.78590078328982, "percent_covered_display": "54", "missing_lines": 177, "excluded_lines": 0}, "missing_lines": [58, 60, 70, 71, 74, 75, 81, 83, 85, 92, 94, 103, 104, 108, 114, 124, 125, 126, 128, 130, 134, 135, 138, 139, 141, 145, 146, 147, 151, 213, 226, 252, 253, 260, 267, 272, 273, 274, 280, 281, 297, 310, 311, 313, 315, 316, 321, 322, 324, 325, 327, 328, 332, 335, 336, 338, 339, 341, 344, 345, 346, 349, 350, 352, 353, 355, 360, 361, 362, 365, 366, 367, 373, 376, 378, 379, 380, 381, 384, 387, 388, 389, 390, 393, 396, 397, 400, 401, 403, 404, 406, 409, 410, 413, 414, 415, 416, 419, 420, 421, 422, 424, 436, 438, 447, 448, 455, 457, 464, 466, 467, 473, 574, 581, 586, 588, 590, 593, 601, 619, 620, 621, 633, 635, 636, 637, 643, 645, 646, 647, 653, 656, 661, 662, 721, 722, 730, 748, 754, 768, 780, 786, 792, 796, 802, 803, 804, 871, 872, 873, 879, 880, 883, 885, 888, 889, 898, 899, 923, 924, 925, 947, 948, 970, 971, 972, 978, 979, 982, 984, 987, 988, 997, 998, 1015, 1016, 1019], "excluded_lines": [], "functions": {"ConfluenceConnector.__init__": {"executed_lines": [41, 42, 43, 46, 49, 50, 53, 54, 55, 57, 62], "summary": {"covered_lines": 11, "num_statements": 13, "percent_covered": 84.61538461538461, "percent_covered_display": "85", "missing_lines": 2, "excluded_lines": 0}, "missing_lines": [58, 60], "excluded_lines": []}, "ConfluenceConnector.set_file_conversion_config": {"executed_lines": [], "summary": {"covered_lines": 0, "num_statements": 7, "percent_covered": 0.0, "percent_covered_display": "0", "missing_lines": 7, "excluded_lines": 0}, "missing_lines": [70, 71, 74, 75, 81, 83, 85], "excluded_lines": []}, "ConfluenceConnector._setup_authentication": {"executed_lines": [89, 91, 93, 96, 97], "summary": {"covered_lines": 5, "num_statements": 11, "percent_covered": 45.45454545454545, "percent_covered_display": "45", "missing_lines": 6, "excluded_lines": 0}, "missing_lines": [92, 94, 103, 104, 108, 114], "excluded_lines": []}, "ConfluenceConnector._auto_detect_deployment_type": {"executed_lines": [], "summary": {"covered_lines": 0, "num_statements": 10, "percent_covered": 0.0, "percent_covered_display": "0", "missing_lines": 10, "excluded_lines": 0}, "missing_lines": [124, 125, 126, 128, 130, 134, 135, 138, 139, 141], "excluded_lines": []}, "ConfluenceConnector.__aenter__": {"executed_lines": [], "summary": {"covered_lines": 0, "num_statements": 3, "percent_covered": 0.0, "percent_covered_display": "0", "missing_lines": 3, "excluded_lines": 0}, "missing_lines": [145, 146, 147], "excluded_lines": []}, "ConfluenceConnector.__aexit__": {"executed_lines": [], "summary": {"covered_lines": 0, "num_statements": 1, "percent_covered": 0.0, "percent_covered_display": "0", "missing_lines": 1, "excluded_lines": 0}, "missing_lines": [151], "excluded_lines": []}, "ConfluenceConnector._get_api_url": {"executed_lines": [162], "summary": {"covered_lines": 1, "num_statements": 1, "percent_covered": 100.0, "percent_covered_display": "100", "missing_lines": 0, "excluded_lines": 0}, "missing_lines": [], "excluded_lines": []}, "ConfluenceConnector._make_request": {"executed_lines": [178, 179, 182, 183, 185, 188, 189, 190, 191, 193, 201], "summary": {"covered_lines": 11, "num_statements": 11, "percent_covered": 100.0, "percent_covered_display": "100", "missing_lines": 0, "excluded_lines": 0}, "missing_lines": [], "excluded_lines": []}, "ConfluenceConnector._get_space_content_cloud": {"executed_lines": [212, 219, 225, 228, 233, 234, 235, 240, 241], "summary": {"covered_lines": 9, "num_statements": 11, "percent_covered": 81.81818181818181, "percent_covered_display": "82", "missing_lines": 2, "excluded_lines": 0}, "missing_lines": [213, 226], "excluded_lines": []}, "ConfluenceConnector._get_space_content_datacenter": {"executed_lines": [], "summary": {"covered_lines": 0, "num_statements": 9, "percent_covered": 0.0, "percent_covered_display": "0", "missing_lines": 9, "excluded_lines": 0}, "missing_lines": [252, 253, 260, 267, 272, 273, 274, 280, 281], "excluded_lines": []}, "ConfluenceConnector._get_space_content": {"executed_lines": [292, 294], "summary": {"covered_lines": 2, "num_statements": 3, "percent_covered": 66.66666666666667, "percent_covered_display": "67", "missing_lines": 1, "excluded_lines": 0}, "missing_lines": [297], "excluded_lines": []}, "ConfluenceConnector._get_content_attachments": {"executed_lines": [], "summary": {"covered_lines": 0, "num_statements": 71, "percent_covered": 0.0, "percent_covered_display": "0", "missing_lines": 71, "excluded_lines": 0}, "missing_lines": [310, 311, 313, 315, 316, 321, 322, 324, 325, 327, 328, 332, 335, 336, 338, 339, 341, 344, 345, 346, 349, 350, 352, 353, 355, 360, 361, 362, 365, 366, 367, 373, 376, 378, 379, 380, 381, 384, 387, 388, 389, 390, 393, 396, 397, 400, 401, 403, 404, 406, 409, 410, 413, 414, 415, 416, 419, 420, 421, 422, 424, 436, 438, 447, 448, 455, 457, 464, 466, 467, 473], "excluded_lines": []}, "ConfluenceConnector._should_process_content": {"executed_lines": [485, 493, 504, 507, 515, 518, 519, 522, 523, 529, 531], "summary": {"covered_lines": 11, "num_statements": 11, "percent_covered": 100.0, "percent_covered_display": "100", "missing_lines": 0, "excluded_lines": 0}, "missing_lines": [], "excluded_lines": []}, "ConfluenceConnector._process_content": {"executed_lines": [548, 550, 551, 552, 555, 571, 573, 584, 585, 587, 589, 592, 606, 607, 612, 613, 614, 617, 626, 627, 630, 631, 632, 640, 641, 642, 650, 651, 652, 675, 694, 697, 702, 703, 706, 719], "summary": {"covered_lines": 36, "num_statements": 61, "percent_covered": 59.01639344262295, "percent_covered_display": "59", "missing_lines": 25, "excluded_lines": 0}, "missing_lines": [574, 581, 586, 588, 590, 593, 601, 619, 620, 621, 633, 635, 636, 637, 643, 645, 646, 647, 653, 656, 661, 662, 721, 722, 730], "excluded_lines": []}, "ConfluenceConnector._construct_page_url": {"executed_lines": [745, 747, 750, 753, 756], "summary": {"covered_lines": 5, "num_statements": 7, "percent_covered": 71.42857142857143, "percent_covered_display": "71", "missing_lines": 2, "excluded_lines": 0}, "missing_lines": [748, 754], "excluded_lines": []}, "ConfluenceConnector._parse_timestamp": {"executed_lines": [767, 770, 771, 772, 776, 783, 789, 795, 800], "summary": {"covered_lines": 9, "num_statements": 17, "percent_covered": 52.94117647058823, "percent_covered_display": "53", "missing_lines": 8, "excluded_lines": 0}, "missing_lines": [768, 780, 786, 792, 796, 802, 803, 804], "excluded_lines": []}, "ConfluenceConnector._clean_html": {"executed_lines": [816, 818, 819, 821, 822], "summary": {"covered_lines": 5, "num_statements": 5, "percent_covered": 100.0, "percent_covered_display": "100", "missing_lines": 0, "excluded_lines": 0}, "missing_lines": [], "excluded_lines": []}, "ConfluenceConnector.get_documents": {"executed_lines": [830, 831, 832, 834, 836, 838, 839, 840, 841, 844, 845, 847, 848, 849, 851, 852, 857, 858, 859, 860, 863, 864, 867, 894, 905, 906, 907, 908, 911, 912, 914, 915, 916, 917, 918, 921, 922, 927, 928, 931, 934, 935, 937, 938, 939, 940, 943, 944, 946, 950, 951, 956, 957, 958, 959, 962, 963, 966, 993, 1004, 1005, 1006, 1009, 1012, 1013, 1021, 1024], "summary": {"covered_lines": 67, "num_statements": 97, "percent_covered": 69.0721649484536, "percent_covered_display": "69", "missing_lines": 30, "excluded_lines": 0}, "missing_lines": [871, 872, 873, 879, 880, 883, 885, 888, 889, 898, 899, 923, 924, 925, 947, 948, 970, 971, 972, 978, 979, 982, 984, 987, 988, 997, 998, 1015, 1016, 1019], "excluded_lines": []}, "": {"executed_lines": [1, 2, 3, 5, 6, 7, 9, 10, 11, 15, 19, 20, 26, 27, 29, 32, 33, 35, 64, 87, 118, 143, 149, 153, 164, 203, 243, 283, 299, 475, 533, 732, 758, 806, 824], "summary": {"covered_lines": 34, "num_statements": 34, "percent_covered": 100.0, "percent_covered_display": "100", "missing_lines": 0, "excluded_lines": 0}, "missing_lines": [], "excluded_lines": []}}, "classes": {"ConfluenceConnector": {"executed_lines": [41, 42, 43, 46, 49, 50, 53, 54, 55, 57, 62, 89, 91, 93, 96, 97, 162, 178, 179, 182, 183, 185, 188, 189, 190, 191, 193, 201, 212, 219, 225, 228, 233, 234, 235, 240, 241, 292, 294, 485, 493, 504, 507, 515, 518, 519, 522, 523, 529, 531, 548, 550, 551, 552, 555, 571, 573, 584, 585, 587, 589, 592, 606, 607, 612, 613, 614, 617, 626, 627, 630, 631, 632, 640, 641, 642, 650, 651, 652, 675, 694, 697, 702, 703, 706, 719, 745, 747, 750, 753, 756, 767, 770, 771, 772, 776, 783, 789, 795, 800, 816, 818, 819, 821, 822, 830, 831, 832, 834, 836, 838, 839, 840, 841, 844, 845, 847, 848, 849, 851, 852, 857, 858, 859, 860, 863, 864, 867, 894, 905, 906, 907, 908, 911, 912, 914, 915, 916, 917, 918, 921, 922, 927, 928, 931, 934, 935, 937, 938, 939, 940, 943, 944, 946, 950, 951, 956, 957, 958, 959, 962, 963, 966, 993, 1004, 1005, 1006, 1009, 1012, 1013, 1021, 1024], "summary": {"covered_lines": 172, "num_statements": 349, "percent_covered": 49.2836676217765, "percent_covered_display": "49", "missing_lines": 177, "excluded_lines": 0}, "missing_lines": [58, 60, 70, 71, 74, 75, 81, 83, 85, 92, 94, 103, 104, 108, 114, 124, 125, 126, 128, 130, 134, 135, 138, 139, 141, 145, 146, 147, 151, 213, 226, 252, 253, 260, 267, 272, 273, 274, 280, 281, 297, 310, 311, 313, 315, 316, 321, 322, 324, 325, 327, 328, 332, 335, 336, 338, 339, 341, 344, 345, 346, 349, 350, 352, 353, 355, 360, 361, 362, 365, 366, 367, 373, 376, 378, 379, 380, 381, 384, 387, 388, 389, 390, 393, 396, 397, 400, 401, 403, 404, 406, 409, 410, 413, 414, 415, 416, 419, 420, 421, 422, 424, 436, 438, 447, 448, 455, 457, 464, 466, 467, 473, 574, 581, 586, 588, 590, 593, 601, 619, 620, 621, 633, 635, 636, 637, 643, 645, 646, 647, 653, 656, 661, 662, 721, 722, 730, 748, 754, 768, 780, 786, 792, 796, 802, 803, 804, 871, 872, 873, 879, 880, 883, 885, 888, 889, 898, 899, 923, 924, 925, 947, 948, 970, 971, 972, 978, 979, 982, 984, 987, 988, 997, 998, 1015, 1016, 1019], "excluded_lines": []}, "": {"executed_lines": [1, 2, 3, 5, 6, 7, 9, 10, 11, 15, 19, 20, 26, 27, 29, 32, 33, 35, 64, 87, 118, 143, 149, 153, 164, 203, 243, 283, 299, 475, 533, 732, 758, 806, 824], "summary": {"covered_lines": 34, "num_statements": 34, "percent_covered": 100.0, "percent_covered_display": "100", "missing_lines": 0, "excluded_lines": 0}, "missing_lines": [], "excluded_lines": []}}}, "src/qdrant_loader/connectors/exceptions.py": {"executed_lines": [1, 2, 5, 6, 9, 10, 13, 14, 16, 19, 20, 21, 22], "summary": {"covered_lines": 9, "num_statements": 9, "percent_covered": 100.0, "percent_covered_display": "100", "missing_lines": 0, "excluded_lines": 0}, "missing_lines": [], "excluded_lines": [], "functions": {"HTTPRequestError.__init__": {"executed_lines": [19, 20, 21, 22], "summary": {"covered_lines": 4, "num_statements": 4, "percent_covered": 100.0, "percent_covered_display": "100", "missing_lines": 0, "excluded_lines": 0}, "missing_lines": [], "excluded_lines": []}, "": {"executed_lines": [1, 2, 5, 6, 9, 10, 13, 14, 16], "summary": {"covered_lines": 5, "num_statements": 5, "percent_covered": 100.0, "percent_covered_display": "100", "missing_lines": 0, "excluded_lines": 0}, "missing_lines": [], "excluded_lines": []}}, "classes": {"ConnectorError": {"executed_lines": [], "summary": {"covered_lines": 0, "num_statements": 0, "percent_covered": 100.0, "percent_covered_display": "100", "missing_lines": 0, "excluded_lines": 0}, "missing_lines": [], "excluded_lines": []}, "ConnectorNotInitializedError": {"executed_lines": [], "summary": {"covered_lines": 0, "num_statements": 0, "percent_covered": 100.0, "percent_covered_display": "100", "missing_lines": 0, "excluded_lines": 0}, "missing_lines": [], "excluded_lines": []}, "DocumentProcessingError": {"executed_lines": [], "summary": {"covered_lines": 0, "num_statements": 0, "percent_covered": 100.0, "percent_covered_display": "100", "missing_lines": 0, "excluded_lines": 0}, "missing_lines": [], "excluded_lines": []}, "HTTPRequestError": {"executed_lines": [19, 20, 21, 22], "summary": {"covered_lines": 4, "num_statements": 4, "percent_covered": 100.0, "percent_covered_display": "100", "missing_lines": 0, "excluded_lines": 0}, "missing_lines": [], "excluded_lines": []}, "": {"executed_lines": [1, 2, 5, 6, 9, 10, 13, 14, 16], "summary": {"covered_lines": 5, "num_statements": 5, "percent_covered": 100.0, "percent_covered_display": "100", "missing_lines": 0, "excluded_lines": 0}, "missing_lines": [], "excluded_lines": []}}}, "src/qdrant_loader/connectors/git/__init__.py": {"executed_lines": [1, 3, 4, 5, 6, 8], "summary": {"covered_lines": 5, "num_statements": 5, "percent_covered": 100.0, "percent_covered_display": "100", "missing_lines": 0, "excluded_lines": 0}, "missing_lines": [], "excluded_lines": [], "functions": {"": {"executed_lines": [1, 3, 4, 5, 6, 8], "summary": {"covered_lines": 5, "num_statements": 5, "percent_covered": 100.0, "percent_covered_display": "100", "missing_lines": 0, "excluded_lines": 0}, "missing_lines": [], "excluded_lines": []}}, "classes": {"": {"executed_lines": [1, 3, 4, 5, 6, 8], "summary": {"covered_lines": 5, "num_statements": 5, "percent_covered": 100.0, "percent_covered_display": "100", "missing_lines": 0, "excluded_lines": 0}, "missing_lines": [], "excluded_lines": []}}}, "src/qdrant_loader/connectors/git/adapter.py": {"executed_lines": [1, 3, 4, 5, 7, 9, 11, 14, 15, 17, 23, 24, 26, 35, 36, 38, 39, 40, 41, 42, 45, 46, 47, 48, 51, 56, 59, 60, 61, 62, 63, 66, 68, 71, 73, 82, 83, 84, 85, 86, 87, 88, 90, 99, 100, 101, 102, 103, 104, 105, 110, 119, 120, 121, 124, 125, 126, 127, 128], "summary": {"covered_lines": 57, "num_statements": 61, "percent_covered": 93.44262295081967, "percent_covered_display": "93", "missing_lines": 4, "excluded_lines": 0}, "missing_lines": [57, 106, 107, 108], "excluded_lines": [], "functions": {"GitPythonAdapter.__init__": {"executed_lines": [23, 24], "summary": {"covered_lines": 2, "num_statements": 2, "percent_covered": 100.0, "percent_covered_display": "100", "missing_lines": 0, "excluded_lines": 0}, "missing_lines": [], "excluded_lines": []}, "GitPythonAdapter.clone": {"executed_lines": [35, 36, 38, 39, 40, 41, 42, 45, 46, 47, 48, 51, 56, 59, 60, 61, 62, 63, 66, 68, 71], "summary": {"covered_lines": 21, "num_statements": 22, "percent_covered": 95.45454545454545, "percent_covered_display": "95", "missing_lines": 1, "excluded_lines": 0}, "missing_lines": [57], "excluded_lines": []}, "GitPythonAdapter.get_file_content": {"executed_lines": [82, 83, 84, 85, 86, 87, 88], "summary": {"covered_lines": 7, "num_statements": 7, "percent_covered": 100.0, "percent_covered_display": "100", "missing_lines": 0, "excluded_lines": 0}, "missing_lines": [], "excluded_lines": []}, "GitPythonAdapter.get_last_commit_date": {"executed_lines": [99, 100, 101, 102, 103, 104, 105], "summary": {"covered_lines": 7, "num_statements": 10, "percent_covered": 70.0, "percent_covered_display": "70", "missing_lines": 3, "excluded_lines": 0}, "missing_lines": [106, 107, 108], "excluded_lines": []}, "GitPythonAdapter.list_files": {"executed_lines": [119, 120, 121, 124, 125, 126, 127, 128], "summary": {"covered_lines": 8, "num_statements": 8, "percent_covered": 100.0, "percent_covered_display": "100", "missing_lines": 0, "excluded_lines": 0}, "missing_lines": [], "excluded_lines": []}, "": {"executed_lines": [1, 3, 4, 5, 7, 9, 11, 14, 15, 17, 26, 73, 90, 110], "summary": {"covered_lines": 12, "num_statements": 12, "percent_covered": 100.0, "percent_covered_display": "100", "missing_lines": 0, "excluded_lines": 0}, "missing_lines": [], "excluded_lines": []}}, "classes": {"GitPythonAdapter": {"executed_lines": [23, 24, 35, 36, 38, 39, 40, 41, 42, 45, 46, 47, 48, 51, 56, 59, 60, 61, 62, 63, 66, 68, 71, 82, 83, 84, 85, 86, 87, 88, 99, 100, 101, 102, 103, 104, 105, 119, 120, 121, 124, 125, 126, 127, 128], "summary": {"covered_lines": 45, "num_statements": 49, "percent_covered": 91.83673469387755, "percent_covered_display": "92", "missing_lines": 4, "excluded_lines": 0}, "missing_lines": [57, 106, 107, 108], "excluded_lines": []}, "": {"executed_lines": [1, 3, 4, 5, 7, 9, 11, 14, 15, 17, 26, 73, 90, 110], "summary": {"covered_lines": 12, "num_statements": 12, "percent_covered": 100.0, "percent_covered_display": "100", "missing_lines": 0, "excluded_lines": 0}, "missing_lines": [], "excluded_lines": []}}}, "src/qdrant_loader/connectors/git/config.py": {"executed_lines": [1, 3, 5, 8, 9, 11, 13, 16, 17, 19, 21, 22, 25, 28, 31, 34, 35, 37, 41, 42, 43, 45, 47, 49, 50, 51, 53, 55], "summary": {"covered_lines": 25, "num_statements": 27, "percent_covered": 92.5925925925926, "percent_covered_display": "93", "missing_lines": 2, "excluded_lines": 0}, "missing_lines": [46, 54], "excluded_lines": [], "functions": {"GitRepoConfig.validate_url": {"executed_lines": [45, 47], "summary": {"covered_lines": 2, "num_statements": 3, "percent_covered": 66.66666666666667, "percent_covered_display": "67", "missing_lines": 1, "excluded_lines": 0}, "missing_lines": [46], "excluded_lines": []}, "GitRepoConfig.validate_file_types": {"executed_lines": [53, 55], "summary": {"covered_lines": 2, "num_statements": 3, "percent_covered": 66.66666666666667, "percent_covered_display": "67", "missing_lines": 1, "excluded_lines": 0}, "missing_lines": [54], "excluded_lines": []}, "": {"executed_lines": [1, 3, 5, 8, 9, 11, 13, 16, 17, 19, 21, 22, 25, 28, 31, 34, 35, 37, 41, 42, 43, 49, 50, 51], "summary": {"covered_lines": 21, "num_statements": 21, "percent_covered": 100.0, "percent_covered_display": "100", "missing_lines": 0, "excluded_lines": 0}, "missing_lines": [], "excluded_lines": []}}, "classes": {"GitAuthConfig": {"executed_lines": [], "summary": {"covered_lines": 0, "num_statements": 0, "percent_covered": 100.0, "percent_covered_display": "100", "missing_lines": 0, "excluded_lines": 0}, "missing_lines": [], "excluded_lines": []}, "GitRepoConfig": {"executed_lines": [45, 47, 53, 55], "summary": {"covered_lines": 4, "num_statements": 6, "percent_covered": 66.66666666666667, "percent_covered_display": "67", "missing_lines": 2, "excluded_lines": 0}, "missing_lines": [46, 54], "excluded_lines": []}, "": {"executed_lines": [1, 3, 5, 8, 9, 11, 13, 16, 17, 19, 21, 22, 25, 28, 31, 34, 35, 37, 41, 42, 43, 49, 50, 51], "summary": {"covered_lines": 21, "num_statements": 21, "percent_covered": 100.0, "percent_covered_display": "100", "missing_lines": 0, "excluded_lines": 0}, "missing_lines": [], "excluded_lines": []}}}, "src/qdrant_loader/connectors/git/connector.py": {"executed_lines": [1, 3, 4, 5, 7, 8, 9, 10, 11, 12, 13, 14, 20, 22, 25, 26, 28, 34, 35, 36, 37, 38, 39, 40, 41, 42, 43, 46, 47, 48, 53, 55, 65, 67, 69, 70, 73, 76, 83, 84, 85, 86, 91, 99, 100, 107, 108, 116, 119, 126, 127, 128, 140, 141, 142, 146, 147, 154, 155, 156, 158, 235, 237, 238, 240, 244, 246, 247, 248, 249, 253, 265, 267, 270, 277, 301, 303, 304, 305, 307, 310, 313, 318, 329, 340, 343, 356, 363, 372, 373, 374, 375, 382, 384, 385, 388, 389, 390, 399, 409, 411], "summary": {"covered_lines": 99, "num_statements": 174, "percent_covered": 56.89655172413793, "percent_covered_display": "57", "missing_lines": 75, "excluded_lines": 0}, "missing_lines": [49, 51, 61, 62, 63, 120, 123, 131, 132, 138, 144, 145, 160, 161, 163, 164, 167, 170, 177, 178, 179, 180, 185, 193, 194, 201, 202, 210, 213, 214, 217, 220, 221, 222, 225, 226, 232, 233, 242, 250, 251, 278, 279, 281, 282, 283, 284, 285, 286, 287, 288, 294, 295, 296, 297, 298, 330, 357, 358, 361, 378, 379, 380, 386, 392, 393, 396, 401, 403, 404, 405, 406, 407, 412, 415], "excluded_lines": [], "functions": {"GitConnector.__init__": {"executed_lines": [34, 35, 36, 37, 38, 39, 40, 41, 42, 43, 46, 47, 48, 53], "summary": {"covered_lines": 14, "num_statements": 16, "percent_covered": 87.5, "percent_covered_display": "88", "missing_lines": 2, "excluded_lines": 0}, "missing_lines": [49, 51], "excluded_lines": []}, "GitConnector.set_file_conversion_config": {"executed_lines": [], "summary": {"covered_lines": 0, "num_statements": 3, "percent_covered": 0.0, "percent_covered_display": "0", "missing_lines": 3, "excluded_lines": 0}, "missing_lines": [61, 62, 63], "excluded_lines": []}, "GitConnector.__aenter__": {"executed_lines": [67, 69, 70, 73, 76, 83, 84, 85, 86, 91, 99, 100, 107, 108, 116, 119, 126, 127, 128, 140, 141, 142, 146, 147, 154, 155, 156], "summary": {"covered_lines": 27, "num_statements": 34, "percent_covered": 79.41176470588235, "percent_covered_display": "79", "missing_lines": 7, "excluded_lines": 0}, "missing_lines": [120, 123, 131, 132, 138, 144, 145], "excluded_lines": []}, "GitConnector.__enter__": {"executed_lines": [], "summary": {"covered_lines": 0, "num_statements": 26, "percent_covered": 0.0, "percent_covered_display": "0", "missing_lines": 26, "excluded_lines": 0}, "missing_lines": [160, 161, 163, 164, 167, 170, 177, 178, 179, 180, 185, 193, 194, 201, 202, 210, 213, 214, 217, 220, 221, 222, 225, 226, 232, 233], "excluded_lines": []}, "GitConnector.__aexit__": {"executed_lines": [237, 238], "summary": {"covered_lines": 2, "num_statements": 2, "percent_covered": 100.0, "percent_covered_display": "100", "missing_lines": 0, "excluded_lines": 0}, "missing_lines": [], "excluded_lines": []}, "GitConnector.__exit__": {"executed_lines": [], "summary": {"covered_lines": 0, "num_statements": 1, "percent_covered": 0.0, "percent_covered_display": "0", "missing_lines": 1, "excluded_lines": 0}, "missing_lines": [242], "excluded_lines": []}, "GitConnector._cleanup": {"executed_lines": [246, 247, 248, 249], "summary": {"covered_lines": 4, "num_statements": 6, "percent_covered": 66.66666666666667, "percent_covered_display": "67", "missing_lines": 2, "excluded_lines": 0}, "missing_lines": [250, 251], "excluded_lines": []}, "GitConnector._process_file": {"executed_lines": [265, 267, 270, 277, 301, 303, 304, 305, 307, 310, 313, 318, 329, 340, 343, 356], "summary": {"covered_lines": 16, "num_statements": 35, "percent_covered": 45.714285714285715, "percent_covered_display": "46", "missing_lines": 19, "excluded_lines": 0}, "missing_lines": [278, 279, 281, 282, 283, 284, 285, 286, 287, 288, 294, 295, 296, 297, 298, 330, 357, 358, 361], "excluded_lines": []}, "GitConnector.get_documents": {"executed_lines": [372, 373, 374, 375, 382, 384, 385, 388, 389, 390, 399], "summary": {"covered_lines": 11, "num_statements": 24, "percent_covered": 45.833333333333336, "percent_covered_display": "46", "missing_lines": 13, "excluded_lines": 0}, "missing_lines": [378, 379, 380, 386, 392, 393, 396, 401, 403, 404, 405, 406, 407], "excluded_lines": []}, "GitConnector._ensure_initialized": {"executed_lines": [411], "summary": {"covered_lines": 1, "num_statements": 3, "percent_covered": 33.333333333333336, "percent_covered_display": "33", "missing_lines": 2, "excluded_lines": 0}, "missing_lines": [412, 415], "excluded_lines": []}, "": {"executed_lines": [1, 3, 4, 5, 7, 8, 9, 10, 11, 12, 13, 14, 20, 22, 25, 26, 28, 55, 65, 158, 235, 240, 244, 253, 363, 409], "summary": {"covered_lines": 24, "num_statements": 24, "percent_covered": 100.0, "percent_covered_display": "100", "missing_lines": 0, "excluded_lines": 0}, "missing_lines": [], "excluded_lines": []}}, "classes": {"GitConnector": {"executed_lines": [34, 35, 36, 37, 38, 39, 40, 41, 42, 43, 46, 47, 48, 53, 67, 69, 70, 73, 76, 83, 84, 85, 86, 91, 99, 100, 107, 108, 116, 119, 126, 127, 128, 140, 141, 142, 146, 147, 154, 155, 156, 237, 238, 246, 247, 248, 249, 265, 267, 270, 277, 301, 303, 304, 305, 307, 310, 313, 318, 329, 340, 343, 356, 372, 373, 374, 375, 382, 384, 385, 388, 389, 390, 399, 411], "summary": {"covered_lines": 75, "num_statements": 150, "percent_covered": 50.0, "percent_covered_display": "50", "missing_lines": 75, "excluded_lines": 0}, "missing_lines": [49, 51, 61, 62, 63, 120, 123, 131, 132, 138, 144, 145, 160, 161, 163, 164, 167, 170, 177, 178, 179, 180, 185, 193, 194, 201, 202, 210, 213, 214, 217, 220, 221, 222, 225, 226, 232, 233, 242, 250, 251, 278, 279, 281, 282, 283, 284, 285, 286, 287, 288, 294, 295, 296, 297, 298, 330, 357, 358, 361, 378, 379, 380, 386, 392, 393, 396, 401, 403, 404, 405, 406, 407, 412, 415], "excluded_lines": []}, "": {"executed_lines": [1, 3, 4, 5, 7, 8, 9, 10, 11, 12, 13, 14, 20, 22, 25, 26, 28, 55, 65, 158, 235, 240, 244, 253, 363, 409], "summary": {"covered_lines": 24, "num_statements": 24, "percent_covered": 100.0, "percent_covered_display": "100", "missing_lines": 0, "excluded_lines": 0}, "missing_lines": [], "excluded_lines": []}}}, "src/qdrant_loader/connectors/git/file_processor.py": {"executed_lines": [1, 3, 4, 5, 7, 9, 13, 16, 17, 19, 32, 33, 34, 35, 37, 46, 47, 50, 59, 60, 61, 62, 63, 64, 67, 68, 71, 72, 73, 76, 79, 80, 81, 82, 91, 92, 93, 96, 99, 100, 101, 104, 107, 108, 111, 114, 115, 117, 118, 119, 120, 123, 127, 136, 137, 140, 143, 144, 147, 148, 149, 152, 154, 155, 158, 159, 161, 162, 163, 164, 166, 167, 168, 169, 170, 171, 176, 177, 180, 181, 182, 183, 190, 191, 194, 195, 202, 203], "summary": {"covered_lines": 86, "num_statements": 105, "percent_covered": 81.9047619047619, "percent_covered_display": "82", "missing_lines": 19, "excluded_lines": 0}, "missing_lines": [10, 11, 83, 84, 87, 90, 132, 133, 134, 172, 175, 185, 186, 189, 196, 199, 205, 206, 207], "excluded_lines": [], "functions": {"FileProcessor.__init__": {"executed_lines": [32, 33, 34, 35], "summary": {"covered_lines": 4, "num_statements": 4, "percent_covered": 100.0, "percent_covered_display": "100", "missing_lines": 0, "excluded_lines": 0}, "missing_lines": [], "excluded_lines": []}, "FileProcessor.should_process_file": {"executed_lines": [46, 47, 50, 59, 60, 61, 62, 63, 64, 67, 68, 71, 72, 73, 76, 79, 80, 81, 82, 91, 92, 93, 96, 99, 100, 101, 104, 107, 108, 111, 114, 115, 117, 118, 119, 120, 123, 127, 136, 137, 140, 143, 144, 147, 148, 149, 152, 154, 155, 158, 159, 161, 162, 163, 164, 166, 167, 168, 169, 170, 171, 176, 177, 180, 181, 182, 183, 190, 191, 194, 195, 202, 203], "summary": {"covered_lines": 73, "num_statements": 90, "percent_covered": 81.11111111111111, "percent_covered_display": "81", "missing_lines": 17, "excluded_lines": 0}, "missing_lines": [83, 84, 87, 90, 132, 133, 134, 172, 175, 185, 186, 189, 196, 199, 205, 206, 207], "excluded_lines": []}, "": {"executed_lines": [1, 3, 4, 5, 7, 9, 13, 16, 17, 19, 37], "summary": {"covered_lines": 9, "num_statements": 11, "percent_covered": 81.81818181818181, "percent_covered_display": "82", "missing_lines": 2, "excluded_lines": 0}, "missing_lines": [10, 11], "excluded_lines": []}}, "classes": {"FileProcessor": {"executed_lines": [32, 33, 34, 35, 46, 47, 50, 59, 60, 61, 62, 63, 64, 67, 68, 71, 72, 73, 76, 79, 80, 81, 82, 91, 92, 93, 96, 99, 100, 101, 104, 107, 108, 111, 114, 115, 117, 118, 119, 120, 123, 127, 136, 137, 140, 143, 144, 147, 148, 149, 152, 154, 155, 158, 159, 161, 162, 163, 164, 166, 167, 168, 169, 170, 171, 176, 177, 180, 181, 182, 183, 190, 191, 194, 195, 202, 203], "summary": {"covered_lines": 77, "num_statements": 94, "percent_covered": 81.91489361702128, "percent_covered_display": "82", "missing_lines": 17, "excluded_lines": 0}, "missing_lines": [83, 84, 87, 90, 132, 133, 134, 172, 175, 185, 186, 189, 196, 199, 205, 206, 207], "excluded_lines": []}, "": {"executed_lines": [1, 3, 4, 5, 7, 9, 13, 16, 17, 19, 37], "summary": {"covered_lines": 9, "num_statements": 11, "percent_covered": 81.81818181818181, "percent_covered_display": "82", "missing_lines": 2, "excluded_lines": 0}, "missing_lines": [10, 11], "excluded_lines": []}}}, "src/qdrant_loader/connectors/git/metadata_extractor.py": {"executed_lines": [1, 2, 3, 5, 6, 8, 9, 11, 14, 15, 17, 23, 24, 26, 36, 38, 39, 40, 43, 44, 45, 46, 48, 55, 56, 57, 59, 62, 63, 64, 65, 66, 67, 68, 70, 83, 92, 94, 95, 99, 100, 101, 102, 103, 109, 117, 118, 119, 120, 122, 123, 126, 130, 136, 137, 138, 140, 145, 147, 148, 149, 151, 153, 156, 157, 158, 159, 203, 204, 205, 206, 208, 210, 211, 213, 214, 215, 222, 225, 227, 228, 229, 230, 231, 232, 236, 238, 239, 241, 242, 258, 264, 265, 267, 364, 366, 367, 369, 370, 371, 380, 382, 419, 421, 423, 425, 427, 429, 431, 433, 434], "summary": {"covered_lines": 110, "num_statements": 204, "percent_covered": 53.92156862745098, "percent_covered_display": "54", "missing_lines": 94, "excluded_lines": 0}, "missing_lines": [96, 105, 106, 133, 141, 142, 143, 168, 169, 170, 171, 180, 181, 188, 189, 191, 192, 193, 200, 201, 243, 246, 247, 248, 249, 250, 251, 252, 253, 254, 269, 271, 272, 273, 274, 277, 283, 284, 285, 288, 289, 290, 291, 292, 293, 294, 295, 296, 297, 298, 299, 300, 302, 305, 307, 308, 309, 310, 311, 313, 314, 315, 317, 323, 324, 325, 327, 328, 331, 332, 336, 340, 342, 343, 346, 347, 348, 349, 350, 351, 353, 354, 355, 356, 357, 359, 360, 362, 376, 377, 378, 384, 385, 417], "excluded_lines": [], "functions": {"GitMetadataExtractor.__init__": {"executed_lines": [23, 24], "summary": {"covered_lines": 2, "num_statements": 2, "percent_covered": 100.0, "percent_covered_display": "100", "missing_lines": 0, "excluded_lines": 0}, "missing_lines": [], "excluded_lines": []}, "GitMetadataExtractor.extract_all_metadata": {"executed_lines": [36, 38, 39, 40, 43, 44, 45, 46, 48, 55, 56, 57], "summary": {"covered_lines": 12, "num_statements": 12, "percent_covered": 100.0, "percent_covered_display": "100", "missing_lines": 0, "excluded_lines": 0}, "missing_lines": [], "excluded_lines": []}, "GitMetadataExtractor._extract_file_metadata": {"executed_lines": [62, 63, 64, 65, 66, 67, 68, 70], "summary": {"covered_lines": 8, "num_statements": 8, "percent_covered": 100.0, "percent_covered_display": "100", "missing_lines": 0, "excluded_lines": 0}, "missing_lines": [], "excluded_lines": []}, "GitMetadataExtractor._extract_repo_metadata": {"executed_lines": [92, 94, 95, 99, 100, 101, 102, 103, 109, 117, 118, 119, 120, 122, 123, 126, 130, 136, 137, 138, 140], "summary": {"covered_lines": 21, "num_statements": 28, "percent_covered": 75.0, "percent_covered_display": "75", "missing_lines": 7, "excluded_lines": 0}, "missing_lines": [96, 105, 106, 133, 141, 142, 143], "excluded_lines": []}, "GitMetadataExtractor._extract_git_metadata": {"executed_lines": [147, 148, 149, 151, 153, 156, 157, 158, 159, 203, 204, 205, 206], "summary": {"covered_lines": 13, "num_statements": 26, "percent_covered": 50.0, "percent_covered_display": "50", "missing_lines": 13, "excluded_lines": 0}, "missing_lines": [168, 169, 170, 171, 180, 181, 188, 189, 191, 192, 193, 200, 201], "excluded_lines": []}, "GitMetadataExtractor._extract_structure_metadata": {"executed_lines": [210, 211, 213, 214, 215, 222, 225, 227, 228, 229, 230, 231, 232, 236, 238, 239, 241, 242, 258, 264, 265], "summary": {"covered_lines": 21, "num_statements": 31, "percent_covered": 67.74193548387096, "percent_covered_display": "68", "missing_lines": 10, "excluded_lines": 0}, "missing_lines": [243, 246, 247, 248, 249, 250, 251, 252, 253, 254], "excluded_lines": []}, "GitMetadataExtractor._get_repo_description": {"executed_lines": [], "summary": {"covered_lines": 0, "num_statements": 58, "percent_covered": 0.0, "percent_covered_display": "0", "missing_lines": 58, "excluded_lines": 0}, "missing_lines": [269, 271, 272, 273, 274, 277, 283, 284, 285, 288, 289, 290, 291, 292, 293, 294, 295, 296, 297, 298, 299, 300, 302, 305, 307, 308, 309, 310, 311, 313, 314, 315, 317, 323, 324, 325, 327, 328, 331, 332, 336, 340, 342, 343, 346, 347, 348, 349, 350, 351, 353, 354, 355, 356, 357, 359, 360, 362], "excluded_lines": []}, "GitMetadataExtractor._detect_encoding": {"executed_lines": [366, 367, 369, 370, 371, 380], "summary": {"covered_lines": 6, "num_statements": 9, "percent_covered": 66.66666666666667, "percent_covered_display": "67", "missing_lines": 3, "excluded_lines": 0}, "missing_lines": [376, 377, 378], "excluded_lines": []}, "GitMetadataExtractor._detect_language": {"executed_lines": [], "summary": {"covered_lines": 0, "num_statements": 3, "percent_covered": 0.0, "percent_covered_display": "0", "missing_lines": 3, "excluded_lines": 0}, "missing_lines": [384, 385, 417], "excluded_lines": []}, "GitMetadataExtractor._has_code_blocks": {"executed_lines": [421], "summary": {"covered_lines": 1, "num_statements": 1, "percent_covered": 100.0, "percent_covered_display": "100", "missing_lines": 0, "excluded_lines": 0}, "missing_lines": [], "excluded_lines": []}, "GitMetadataExtractor._has_images": {"executed_lines": [425], "summary": {"covered_lines": 1, "num_statements": 1, "percent_covered": 100.0, "percent_covered_display": "100", "missing_lines": 0, "excluded_lines": 0}, "missing_lines": [], "excluded_lines": []}, "GitMetadataExtractor._has_links": {"executed_lines": [429], "summary": {"covered_lines": 1, "num_statements": 1, "percent_covered": 100.0, "percent_covered_display": "100", "missing_lines": 0, "excluded_lines": 0}, "missing_lines": [], "excluded_lines": []}, "GitMetadataExtractor._get_heading_levels": {"executed_lines": [433, 434], "summary": {"covered_lines": 2, "num_statements": 2, "percent_covered": 100.0, "percent_covered_display": "100", "missing_lines": 0, "excluded_lines": 0}, "missing_lines": [], "excluded_lines": []}, "": {"executed_lines": [1, 2, 3, 5, 6, 8, 9, 11, 14, 15, 17, 26, 59, 83, 145, 208, 267, 364, 382, 419, 423, 427, 431], "summary": {"covered_lines": 22, "num_statements": 22, "percent_covered": 100.0, "percent_covered_display": "100", "missing_lines": 0, "excluded_lines": 0}, "missing_lines": [], "excluded_lines": []}}, "classes": {"GitMetadataExtractor": {"executed_lines": [23, 24, 36, 38, 39, 40, 43, 44, 45, 46, 48, 55, 56, 57, 62, 63, 64, 65, 66, 67, 68, 70, 92, 94, 95, 99, 100, 101, 102, 103, 109, 117, 118, 119, 120, 122, 123, 126, 130, 136, 137, 138, 140, 147, 148, 149, 151, 153, 156, 157, 158, 159, 203, 204, 205, 206, 210, 211, 213, 214, 215, 222, 225, 227, 228, 229, 230, 231, 232, 236, 238, 239, 241, 242, 258, 264, 265, 366, 367, 369, 370, 371, 380, 421, 425, 429, 433, 434], "summary": {"covered_lines": 88, "num_statements": 182, "percent_covered": 48.35164835164835, "percent_covered_display": "48", "missing_lines": 94, "excluded_lines": 0}, "missing_lines": [96, 105, 106, 133, 141, 142, 143, 168, 169, 170, 171, 180, 181, 188, 189, 191, 192, 193, 200, 201, 243, 246, 247, 248, 249, 250, 251, 252, 253, 2
[...]
 0}, "missing_lines": [598, 599, 603], "excluded_lines": []}, "StateManager.get_conversion_metrics": {"executed_lines": [609, 610, 611, 612, 617, 619, 621, 622, 623, 624, 626], "summary": {"covered_lines": 11, "num_statements": 15, "percent_covered": 73.33333333333333, "percent_covered_display": "73", "missing_lines": 4, "excluded_lines": 0}, "missing_lines": [645, 651, 652, 656], "excluded_lines": []}, "StateManager.get_attachment_documents": {"executed_lines": [662, 665, 666, 667, 674, 675, 678], "summary": {"covered_lines": 7, "num_statements": 10, "percent_covered": 70.0, "percent_covered_display": "70", "missing_lines": 3, "excluded_lines": 0}, "missing_lines": [679, 680, 684], "excluded_lines": []}, "StateManager.get_converted_documents": {"executed_lines": [690, 691, 692, 693, 699, 700, 704, 705, 706, 709], "summary": {"covered_lines": 10, "num_statements": 13, "percent_covered": 76.92307692307692, "percent_covered_display": "77", "missing_lines": 3, "excluded_lines": 0}, "missing_lines": [710, 711, 715], "excluded_lines": []}, "StateManager.close": {"executed_lines": [], "summary": {"covered_lines": 0, "num_statements": 4, "percent_covered": 0.0, "percent_covered_display": "0", "missing_lines": 4, "excluded_lines": 0}, "missing_lines": [719, 720, 721, 722], "excluded_lines": []}, "": {"executed_lines": [1, 5, 6, 7, 9, 10, 12, 13, 14, 15, 16, 17, 19, 22, 23, 25, 33, 40, 44, 116, 126, 202, 235, 303, 337, 374, 541, 605, 658, 686, 717], "summary": {"covered_lines": 29, "num_statements": 29, "percent_covered": 100.0, "percent_covered_display": "100", "missing_lines": 0, "excluded_lines": 0}, "missing_lines": [], "excluded_lines": []}}, "classes": {"StateManager": {"executed_lines": [27, 28, 29, 30, 31, 35, 37, 38, 42, 46, 47, 49, 50, 51, 54, 57, 59, 60, 65, 74, 75, 76, 85, 86, 87, 92, 93, 100, 101, 102, 104, 105, 118, 119, 120, 121, 122, 123, 124, 135, 136, 137, 138, 141, 142, 145, 150, 151, 155, 165, 168, 178, 180, 181, 182, 186, 195, 196, 200, 206, 207, 208, 209, 212, 215, 223, 224, 227, 239, 242, 243, 244, 247, 248, 256, 259, 266, 267, 271, 272, 275, 276, 277, 280, 281, 284, 307, 310, 311, 312, 315, 318, 325, 326, 329, 341, 344, 345, 346, 349, 353, 354, 355, 358, 359, 362, 363, 366, 376, 379, 382, 383, 384, 387, 390, 397, 398, 402, 405, 406, 407, 408, 411, 412, 413, 415, 417, 420, 421, 422, 423, 426, 427, 428, 429, 430, 431, 432, 433, 436, 437, 438, 439, 440, 441, 442, 445, 446, 459, 464, 465, 466, 467, 468, 469, 474, 475, 479, 508, 510, 513, 514, 518, 529, 551, 552, 553, 554, 559, 561, 563, 564, 565, 566, 567, 570, 571, 584, 586, 587, 609, 610, 611, 612, 617, 619, 621, 622, 623, 624, 626, 662, 665, 666, 667, 674, 675, 678, 690, 691, 692, 693, 699, 700, 704, 705, 706, 709], "summary": {"covered_lines": 208, "num_statements": 268, "percent_covered": 77.61194029850746, "percent_covered_display": "78", "missing_lines": 60, "excluded_lines": 0}, "missing_lines": [36, 66, 67, 68, 106, 108, 109, 112, 113, 114, 156, 159, 160, 161, 162, 163, 228, 229, 233, 293, 296, 297, 301, 330, 331, 335, 367, 368, 372, 377, 447, 448, 449, 450, 451, 452, 453, 456, 472, 473, 530, 531, 539, 598, 599, 603, 645, 651, 652, 656, 679, 680, 684, 710, 711, 715, 719, 720, 721, 722], "excluded_lines": []}, "": {"executed_lines": [1, 5, 6, 7, 9, 10, 12, 13, 14, 15, 16, 17, 19, 22, 23, 25, 33, 40, 44, 116, 126, 202, 235, 303, 337, 374, 541, 605, 658, 686, 717], "summary": {"covered_lines": 29, "num_statements": 29, "percent_covered": 100.0, "percent_covered_display": "100", "missing_lines": 0, "excluded_lines": 0}, "missing_lines": [], "excluded_lines": []}}}, "src/qdrant_loader/core/text_processing/semantic_analyzer.py": {"executed_lines": [1, 3, 4, 5, 7, 8, 9, 10, 11, 12, 14, 17, 18, 19, 21, 22, 23, 24, 25, 26, 29, 30, 32, 47, 50, 51, 52, 53, 54, 55, 58, 59, 60, 63, 64, 67, 69, 82, 83, 86, 89, 92, 95, 98, 101, 104, 107, 117, 118, 120, 122, 131, 132, 134, 135, 136, 139, 142, 143, 144, 145, 153, 165, 167, 176, 177, 178, 189, 191, 200, 201, 202, 211, 213, 223, 226, 229, 232, 235, 243, 246, 247, 249, 250, 251, 252, 254, 262, 264, 273, 276, 277, 278, 281, 282, 283, 285, 287, 296, 297, 299, 300, 301, 302, 304, 306, 316, 317, 319, 321], "summary": {"covered_lines": 107, "num_statements": 109, "percent_covered": 98.1651376146789, "percent_covered_display": "98", "missing_lines": 2, "excluded_lines": 0}, "missing_lines": [227, 236], "excluded_lines": [], "functions": {"SemanticAnalyzer.__init__": {"executed_lines": [47, 50, 51, 52, 53, 54, 55, 58, 59, 60, 63, 64, 67], "summary": {"covered_lines": 13, "num_statements": 13, "percent_covered": 100.0, "percent_covered_display": "100", "missing_lines": 0, "excluded_lines": 0}, "missing_lines": [], "excluded_lines": []}, "SemanticAnalyzer.analyze_text": {"executed_lines": [82, 83, 86, 89, 92, 95, 98, 101, 104, 107, 117, 118, 120], "summary": {"covered_lines": 13, "num_statements": 13, "percent_covered": 100.0, "percent_covered_display": "100", "missing_lines": 0, "excluded_lines": 0}, "missing_lines": [], "excluded_lines": []}, "SemanticAnalyzer._extract_entities": {"executed_lines": [131, 132, 134, 135, 136, 139, 142, 143, 144, 145, 153, 165], "summary": {"covered_lines": 12, "num_statements": 12, "percent_covered": 100.0, "percent_covered_display": "100", "missing_lines": 0, "excluded_lines": 0}, "missing_lines": [], "excluded_lines": []}, "SemanticAnalyzer._get_pos_tags": {"executed_lines": [176, 177, 178, 189], "summary": {"covered_lines": 4, "num_statements": 4, "percent_covered": 100.0, "percent_covered_display": "100", "missing_lines": 0, "excluded_lines": 0}, "missing_lines": [], "excluded_lines": []}, "SemanticAnalyzer._get_dependencies": {"executed_lines": [200, 201, 202, 211], "summary": {"covered_lines": 4, "num_statements": 4, "percent_covered": 100.0, "percent_covered_display": "100", "missing_lines": 0, "excluded_lines": 0}, "missing_lines": [], "excluded_lines": []}, "SemanticAnalyzer._extract_topics": {"executed_lines": [223, 226, 229, 232, 235, 243, 246, 247, 249, 250, 251, 252, 254, 262], "summary": {"covered_lines": 14, "num_statements": 16, "percent_covered": 87.5, "percent_covered_display": "88", "missing_lines": 2, "excluded_lines": 0}, "missing_lines": [227, 236], "excluded_lines": []}, "SemanticAnalyzer._extract_key_phrases": {"executed_lines": [273, 276, 277, 278, 281, 282, 283, 285], "summary": {"covered_lines": 8, "num_statements": 8, "percent_covered": 100.0, "percent_covered_display": "100", "missing_lines": 0, "excluded_lines": 0}, "missing_lines": [], "excluded_lines": []}, "SemanticAnalyzer._calculate_document_similarity": {"executed_lines": [296, 297, 299, 300, 301, 302, 304], "summary": {"covered_lines": 7, "num_statements": 7, "percent_covered": 100.0, "percent_covered_display": "100", "missing_lines": 0, "excluded_lines": 0}, "missing_lines": [], "excluded_lines": []}, "SemanticAnalyzer._calculate_topic_coherence": {"executed_lines": [316, 317], "summary": {"covered_lines": 2, "num_statements": 2, "percent_covered": 100.0, "percent_covered_display": "100", "missing_lines": 0, "excluded_lines": 0}, "missing_lines": [], "excluded_lines": []}, "SemanticAnalyzer.clear_cache": {"executed_lines": [321], "summary": {"covered_lines": 1, "num_statements": 1, "percent_covered": 100.0, "percent_covered_display": "100", "missing_lines": 0, "excluded_lines": 0}, "missing_lines": [], "excluded_lines": []}, "": {"executed_lines": [1, 3, 4, 5, 7, 8, 9, 10, 11, 12, 14, 17, 18, 19, 21, 22, 23, 24, 25, 26, 29, 30, 32, 69, 122, 167, 191, 213, 264, 287, 306, 319], "summary": {"covered_lines": 29, "num_statements": 29, "percent_covered": 100.0, "percent_covered_display": "100", "missing_lines": 0, "excluded_lines": 0}, "missing_lines": [], "excluded_lines": []}}, "classes": {"SemanticAnalysisResult": {"executed_lines": [], "summary": {"covered_lines": 0, "num_statements": 0, "percent_covered": 100.0, "percent_covered_display": "100", "missing_lines": 0, "excluded_lines": 0}, "missing_lines": [], "excluded_lines": []}, "SemanticAnalyzer": {"executed_lines": [47, 50, 51, 52, 53, 54, 55, 58, 59, 60, 63, 64, 67, 82, 83, 86, 89, 92, 95, 98, 101, 104, 107, 117, 118, 120, 131, 132, 134, 135, 136, 139, 142, 143, 144, 145, 153, 165, 176, 177, 178, 189, 200, 201, 202, 211, 223, 226, 229, 232, 235, 243, 246, 247, 249, 250, 251, 252, 254, 262, 273, 276, 277, 278, 281, 282, 283, 285, 296, 297, 299, 300, 301, 302, 304, 316, 317, 321], "summary": {"covered_lines": 78, "num_statements": 80, "percent_covered": 97.5, "percent_covered_display": "98", "missing_lines": 2, "excluded_lines": 0}, "missing_lines": [227, 236], "excluded_lines": []}, "": {"executed_lines": [1, 3, 4, 5, 7, 8, 9, 10, 11, 12, 14, 17, 18, 19, 21, 22, 23, 24, 25, 26, 29, 30, 32, 69, 122, 167, 191, 213, 264, 287, 306, 319], "summary": {"covered_lines": 29, "num_statements": 29, "percent_covered": 100.0, "percent_covered_display": "100", "missing_lines": 0, "excluded_lines": 0}, "missing_lines": [], "excluded_lines": []}}}, "src/qdrant_loader/core/text_processing/text_processor.py": {"executed_lines": [1, 3, 4, 5, 6, 7, 8, 10, 13, 14, 15, 18, 19, 21, 27, 30, 31, 32, 33, 34, 35, 36, 37, 40, 41, 44, 46, 49, 50, 51, 52, 53, 54, 56, 59, 62, 77, 91, 92, 95, 97, 99, 102, 105, 108, 113, 115, 121, 122, 124, 131, 141, 144, 145, 146, 149, 150, 151, 153, 163, 166, 167, 168, 169, 170, 171, 173, 183, 184, 187, 188, 202, 203, 204, 205, 207], "summary": {"covered_lines": 74, "num_statements": 76, "percent_covered": 97.36842105263158, "percent_covered_display": "97", "missing_lines": 2, "excluded_lines": 0}, "missing_lines": [142, 164], "excluded_lines": [], "functions": {"TextProcessor.__init__": {"executed_lines": [27, 30, 31, 32, 33, 34, 35, 36, 37, 40, 41, 44, 46, 49, 50, 51, 52, 53, 54, 56, 59, 62], "summary": {"covered_lines": 22, "num_statements": 22, "percent_covered": 100.0, "percent_covered_display": "100", "missing_lines": 0, "excluded_lines": 0}, "missing_lines": [], "excluded_lines": []}, "TextProcessor.process_text": {"executed_lines": [91, 92, 95, 97, 99, 102, 105, 108, 113, 115, 121, 122, 124], "summary": {"covered_lines": 13, "num_statements": 13, "percent_covered": 100.0, "percent_covered_display": "100", "missing_lines": 0, "excluded_lines": 0}, "missing_lines": [], "excluded_lines": []}, "TextProcessor.get_entities": {"executed_lines": [141, 144, 145, 146, 149, 150, 151], "summary": {"covered_lines": 7, "num_statements": 8, "percent_covered": 87.5, "percent_covered_display": "88", "missing_lines": 1, "excluded_lines": 0}, "missing_lines": [142], "excluded_lines": []}, "TextProcessor.get_pos_tags": {"executed_lines": [163, 166, 167, 168, 169, 170, 171], "summary": {"covered_lines": 7, "num_statements": 8, "percent_covered": 87.5, "percent_covered_display": "88", "missing_lines": 1, "excluded_lines": 0}, "missing_lines": [164], "excluded_lines": []}, "TextProcessor.split_into_chunks": {"executed_lines": [183, 184, 187, 188, 202, 203, 204, 205, 207], "summary": {"covered_lines": 9, "num_statements": 9, "percent_covered": 100.0, "percent_covered_display": "100", "missing_lines": 0, "excluded_lines": 0}, "missing_lines": [], "excluded_lines": []}, "": {"executed_lines": [1, 3, 4, 5, 6, 7, 8, 10, 13, 14, 15, 18, 19, 21, 77, 131, 153, 173], "summary": {"covered_lines": 16, "num_statements": 16, "percent_covered": 100.0, "percent_covered_display": "100", "missing_lines": 0, "excluded_lines": 0}, "missing_lines": [], "excluded_lines": []}}, "classes": {"TextProcessor": {"executed_lines": [27, 30, 31, 32, 33, 34, 35, 36, 37, 40, 41, 44, 46, 49, 50, 51, 52, 53, 54, 56, 59, 62, 91, 92, 95, 97, 99, 102, 105, 108, 113, 115, 121, 122, 124, 141, 144, 145, 146, 149, 150, 151, 163, 166, 167, 168, 169, 170, 171, 183, 184, 187, 188, 202, 203, 204, 205, 207], "summary": {"covered_lines": 58, "num_statements": 60, "percent_covered": 96.66666666666667, "percent_covered_display": "97", "missing_lines": 2, "excluded_lines": 0}, "missing_lines": [142, 164], "excluded_lines": []}, "": {"executed_lines": [1, 3, 4, 5, 6, 7, 8, 10, 13, 14, 15, 18, 19, 21, 77, 131, 153, 173], "summary": {"covered_lines": 16, "num_statements": 16, "percent_covered": 100.0, "percent_covered_display": "100", "missing_lines": 0, "excluded_lines": 0}, "missing_lines": [], "excluded_lines": []}}}, "src/qdrant_loader/core/text_processing/topic_modeler.py": {"executed_lines": [1, 3, 5, 6, 7, 9, 11, 14, 15, 17, 24, 25, 26, 27, 28, 29, 32, 33, 39, 49, 52, 53, 59, 65, 70, 75, 80, 81, 85, 90, 91, 96, 99, 100, 121, 124, 126, 133, 142, 143, 144, 147, 150, 152, 153, 158, 161, 192, 193, 199], "summary": {"covered_lines": 48, "num_statements": 75, "percent_covered": 64.0, "percent_covered_display": "64", "missing_lines": 27, "excluded_lines": 0}, "missing_lines": [34, 35, 36, 37, 50, 66, 67, 76, 77, 86, 87, 93, 118, 148, 154, 155, 164, 167, 168, 169, 170, 177, 178, 179, 181, 188, 190], "excluded_lines": [], "functions": {"TopicModeler.__init__": {"executed_lines": [24, 25, 26, 27, 28, 29, 32, 33], "summary": {"covered_lines": 8, "num_statements": 12, "percent_covered": 66.66666666666667, "percent_covered_display": "67", "missing_lines": 4, "excluded_lines": 0}, "missing_lines": [34, 35, 36, 37], "excluded_lines": []}, "TopicModeler._preprocess_text": {"executed_lines": [49, 52, 53], "summary": {"covered_lines": 3, "num_statements": 4, "percent_covered": 75.0, "percent_covered_display": "75", "missing_lines": 1, "excluded_lines": 0}, "missing_lines": [50], "excluded_lines": []}, "TopicModeler.train_model": {"executed_lines": [65, 70, 75, 80, 81, 85, 90, 91, 96, 99, 100, 121, 124, 126], "summary": {"covered_lines": 14, "num_statements": 22, "percent_covered": 63.63636363636363, "percent_covered_display": "64", "missing_lines": 8, "excluded_lines": 0}, "missing_lines": [66, 67, 76, 77, 86, 87, 93, 118], "excluded_lines": []}, "TopicModeler.infer_topics": {"executed_lines": [142, 143, 144, 147, 150, 152, 153, 158, 161, 192, 193, 199], "summary": {"covered_lines": 12, "num_statements": 26, "percent_covered": 46.15384615384615, "percent_covered_display": "46", "missing_lines": 14, "excluded_lines": 0}, "missing_lines": [148, 154, 155, 164, 167, 168, 169, 170, 177, 178, 179, 181, 188, 190], "excluded_lines": []}, "": {"executed_lines": [1, 3, 5, 6, 7, 9, 11, 14, 15, 17, 39, 59, 133], "summary": {"covered_lines": 11, "num_statements": 11, "percent_covered": 100.0, "percent_covered_display": "100", "missing_lines": 0, "excluded_lines": 0}, "missing_lines": [], "excluded_lines": []}}, "classes": {"TopicModeler": {"executed_lines": [24, 25, 26, 27, 28, 29, 32, 33, 49, 52, 53, 65, 70, 75, 80, 81, 85, 90, 91, 96, 99, 100, 121, 124, 126, 142, 143, 144, 147, 150, 152, 153, 158, 161, 192, 193, 199], "summary": {"covered_lines": 37, "num_statements": 64, "percent_covered": 57.8125, "percent_covered_display": "58", "missing_lines": 27, "excluded_lines": 0}, "missing_lines": [34, 35, 36, 37, 50, 66, 67, 76, 77, 86, 87, 93, 118, 148, 154, 155, 164, 167, 168, 169, 170, 177, 178, 179, 181, 188, 190], "excluded_lines": []}, "": {"executed_lines": [1, 3, 5, 6, 7, 9, 11, 14, 15, 17, 39, 59, 133], "summary": {"covered_lines": 11, "num_statements": 11, "percent_covered": 100.0, "percent_covered_display": "100", "missing_lines": 0, "excluded_lines": 0}, "missing_lines": [], "excluded_lines": []}}}, "src/qdrant_loader/main.py": {"executed_lines": [], "summary": {"covered_lines": 0, "num_statements": 3, "percent_covered": 0.0, "percent_covered_display": "0", "missing_lines": 3, "excluded_lines": 0}, "missing_lines": [5, 7, 8], "excluded_lines": [], "functions": {"": {"executed_lines": [], "summary": {"covered_lines": 0, "num_statements": 3, "percent_covered": 0.0, "percent_covered_display": "0", "missing_lines": 3, "excluded_lines": 0}, "missing_lines": [5, 7, 8], "excluded_lines": []}}, "classes": {"": {"executed_lines": [], "summary": {"covered_lines": 0, "num_statements": 3, "percent_covered": 0.0, "percent_covered_display": "0", "missing_lines": 3, "excluded_lines": 0}, "missing_lines": [5, 7, 8], "excluded_lines": []}}}, "src/qdrant_loader/utils/__init__.py": {"executed_lines": [0], "summary": {"covered_lines": 0, "num_statements": 0, "percent_covered": 100.0, "percent_covered_display": "100", "missing_lines": 0, "excluded_lines": 0}, "missing_lines": [], "excluded_lines": [], "functions": {"": {"executed_lines": [], "summary": {"covered_lines": 0, "num_statements": 0, "percent_covered": 100.0, "percent_covered_display": "100", "missing_lines": 0, "excluded_lines": 0}, "missing_lines": [], "excluded_lines": []}}, "classes": {"": {"executed_lines": [], "summary": {"covered_lines": 0, "num_statements": 0, "percent_covered": 100.0, "percent_covered_display": "100", "missing_lines": 0, "excluded_lines": 0}, "missing_lines": [], "excluded_lines": []}}}, "src/qdrant_loader/utils/logging.py": {"executed_lines": [1, 3, 5, 8, 9, 11, 15, 16, 18, 20, 23, 24, 26, 27, 29, 30, 45, 47, 52, 53, 56, 59, 60, 61, 62, 65, 71, 78, 79, 80, 83, 100, 103, 106, 113, 114, 116, 117, 126, 128, 129], "summary": {"covered_lines": 37, "num_statements": 44, "percent_covered": 84.0909090909091, "percent_covered_display": "84", "missing_lines": 7, "excluded_lines": 0}, "missing_lines": [12, 48, 49, 66, 67, 68, 101], "excluded_lines": [], "functions": {"QdrantVersionFilter.filter": {"executed_lines": [], "summary": {"covered_lines": 0, "num_statements": 1, "percent_covered": 0.0, "percent_covered_display": "0", "missing_lines": 1, "excluded_lines": 0}, "missing_lines": [12], "excluded_lines": []}, "ApplicationFilter.filter": {"executed_lines": [20], "summary": {"covered_lines": 1, "num_statements": 1, "percent_covered": 100.0, "percent_covered_display": "100", "missing_lines": 0, "excluded_lines": 0}, "missing_lines": [], "excluded_lines": []}, "LoggingConfig.setup": {"executed_lines": [45, 47, 52, 53, 56, 59, 60, 61, 62, 65, 71, 78, 79, 80, 83, 100, 103, 106, 113, 114], "summary": {"covered_lines": 20, "num_statements": 26, "percent_covered": 76.92307692307692, "percent_covered_display": "77", "missing_lines": 6, "excluded_lines": 0}, "missing_lines": [48, 49, 66, 67, 68, 101], "excluded_lines": []}, "LoggingConfig.get_logger": {"executed_lines": [126, 128, 129], "summary": {"covered_lines": 3, "num_statements": 3, "percent_covered": 100.0, "percent_covered_display": "100", "missing_lines": 0, "excluded_lines": 0}, "missing_lines": [], "excluded_lines": []}, "": {"executed_lines": [1, 3, 5, 8, 9, 11, 15, 16, 18, 23, 24, 26, 27, 29, 30, 116, 117], "summary": {"covered_lines": 13, "num_statements": 13, "percent_covered": 100.0, "percent_covered_display": "100", "missing_lines": 0, "excluded_lines": 0}, "missing_lines": [], "excluded_lines": []}}, "classes": {"QdrantVersionFilter": {"executed_lines": [], "summary": {"covered_lines": 0, "num_statements": 1, "percent_covered": 0.0, "percent_covered_display": "0", "missing_lines": 1, "excluded_lines": 0}, "missing_lines": [12], "excluded_lines": []}, "ApplicationFilter": {"executed_lines": [20], "summary": {"covered_lines": 1, "num_statements": 1, "percent_covered": 100.0, "percent_covered_display": "100", "missing_lines": 0, "excluded_lines": 0}, "missing_lines": [], "excluded_lines": []}, "LoggingConfig": {"executed_lines": [45, 47, 52, 53, 56, 59, 60, 61, 62, 65, 71, 78, 79, 80, 83, 100, 103, 106, 113, 114, 126, 128, 129], "summary": {"covered_lines": 23, "num_statements": 29, "percent_covered": 79.3103448275862, "percent_covered_display": "79", "missing_lines": 6, "excluded_lines": 0}, "missing_lines": [48, 49, 66, 67, 68, 101], "excluded_lines": []}, "": {"executed_lines": [1, 3, 5, 8, 9, 11, 15, 16, 18, 23, 24, 26, 27, 29, 30, 116, 117], "summary": {"covered_lines": 13, "num_statements": 13, "percent_covered": 100.0, "percent_covered_display": "100", "missing_lines": 0, "excluded_lines": 0}, "missing_lines": [], "excluded_lines": []}}}}, "totals": {"covered_lines": 5592, "num_statements": 6817, "percent_covered": 82.03021857121901, "percent_covered_display": "82", "missing_lines": 1225, "excluded_lines": 0}}